-- The C compiler identification is GNU 11.4.0
-- The CXX compiler identification is GNU 11.4.0
-- Detecting C compiler ABI info
-- Detecting C compiler ABI info - done
-- Check for working C compiler: /usr/bin/cc - skipped
-- Detecting C compile features
-- Detecting C compile features - done
-- Detecting CXX compiler ABI info
-- Detecting CXX compiler ABI info - done
-- Check for working CXX compiler: /usr/bin/c++ - skipped
-- Detecting CXX compile features
-- Detecting CXX compile features - done
-- Found ament_cmake: 1.3.7 (/opt/ros/humble/share/ament_cmake/cmake)
-- Found Python3: /usr/bin/python3.10 (found version "3.10.12") found components: Interpreter 
-- Override CMake install command with custom implementation using symlinks instead of copying resources
-- Found rclcpp: 16.0.8 (/opt/ros/humble/share/rclcpp/cmake)
-- Found rosidl_generator_c: 3.1.5 (/opt/ros/humble/share/rosidl_generator_c/cmake)
-- Found rosidl_adapter: 3.1.5 (/opt/ros/humble/share/rosidl_adapter/cmake)
-- Found rosidl_generator_cpp: 3.1.5 (/opt/ros/humble/share/rosidl_generator_cpp/cmake)
-- Using all available rosidl_typesupport_c: rosidl_typesupport_fastrtps_c;rosidl_typesupport_introspection_c
-- Using all available rosidl_typesupport_cpp: rosidl_typesupport_fastrtps_cpp;rosidl_typesupport_introspection_cpp
-- Found rmw_implementation_cmake: 6.1.1 (/opt/ros/humble/share/rmw_implementation_cmake/cmake)
-- Found rmw_fastrtps_cpp: 6.2.6 (/opt/ros/humble/share/rmw_fastrtps_cpp/cmake)
-- Found OpenSSL: /usr/lib/x86_64-linux-gnu/libcrypto.so (found version "3.0.2")  
-- Found FastRTPS: /opt/ros/humble/include  
-- Using RMW implementation 'rmw_fastrtps_cpp' as default
-- Looking for pthread.h
-- Looking for pthread.h - found
-- Performing Test CMAKE_HAVE_LIBC_PTHREAD
-- Performing Test CMAKE_HAVE_LIBC_PTHREAD - Success
-- Found Threads: TRUE  
-- Found geometry_msgs: 4.2.3 (/opt/ros/humble/share/geometry_msgs/cmake)
-- Found nav_msgs: 4.2.3 (/opt/ros/humble/share/nav_msgs/cmake)
-- Found sensor_msgs: 4.2.3 (/opt/ros/humble/share/sensor_msgs/cmake)
-- Found tf2: 0.25.5 (/opt/ros/humble/share/tf2/cmake)
-- Found tf2_ros: 0.25.5 (/opt/ros/humble/share/tf2_ros/cmake)
-- Found tf2_geometry_msgs: 0.25.5 (/opt/ros/humble/share/tf2_geometry_msgs/cmake)
-- Found eigen3_cmake_module: 0.1.1 (/opt/ros/humble/share/eigen3_cmake_module/cmake)
-- Found Eigen3: TRUE (found version "3.4.0") 
-- Ensuring Eigen3 include directory is part of orocos-kdl CMake target
-- Found bunker_msgs: 0.1.0 (/home/appfre/appfre_ws/install/bunker_msgs/share/bunker_msgs/cmake)
-- Found ament_lint_auto: 0.12.10 (/opt/ros/humble/share/ament_lint_auto/cmake)
-- Added test 'copyright' to check source files copyright and LICENSE
-- Added test 'cppcheck' to perform static code analysis on C / C++ code
-- Configured cppcheck include dirs: /home/appfre/appfre_ws/src/bunker_ros2/bunker_base/include
-- Configured cppcheck exclude dirs and/or files: 
-- Added test 'cpplint' to check C / C++ code against the Google style
-- Configured cpplint exclude dirs and/or files: 
-- Added test 'flake8' to check Python code syntax and style conventions
-- Added test 'lint_cmake' to check CMake code style
-- Added test 'pep257' to check Python code against some of the docstring style conventions in PEP 257
-- Added test 'uncrustify' to check C / C++ code style
-- Configured uncrustify additional arguments: 
-- Added test 'xmllint' to check XML markup files
-- Configuring done
-- Generating done
-- Build files have been written to: /home/appfre/appfre_ws/build/bunker_base
[ 66%] [32mBuilding CXX object CMakeFiles/bunker_base_node.dir/src/bunker_base_node.cpp.o[0m
[ 66%] [32mBuilding CXX object CMakeFiles/bunker_base_node.dir/src/bunker_base_ros.cpp.o[0m
[100%] [32m[1mLinking CXX executable bunker_base_node[0m
[100%] Built target bunker_base_node
-- Install configuration: ""
-- Execute custom install script
-- Symlinking: /home/appfre/appfre_ws/install/bunker_base/lib/bunker_base/bunker_base_node
-- Symlinking: /home/appfre/appfre_ws/install/bunker_base/share/bunker_base//launch/bunker_base.launch.py
-- Symlinking: /home/appfre/appfre_ws/install/bunker_base/share/ament_index/resource_index/package_run_dependencies/bunker_base
-- Symlinking: /home/appfre/appfre_ws/install/bunker_base/share/ament_index/resource_index/parent_prefix_path/bunker_base
-- Symlinking: /home/appfre/appfre_ws/install/bunker_base/share/bunker_base/environment/ament_prefix_path.sh
-- Symlinking: /home/appfre/appfre_ws/install/bunker_base/share/bunker_base/environment/ament_prefix_path.dsv
-- Symlinking: /home/appfre/appfre_ws/install/bunker_base/share/bunker_base/environment/path.sh
-- Symlinking: /home/appfre/appfre_ws/install/bunker_base/share/bunker_base/environment/path.dsv
-- Symlinking: /home/appfre/appfre_ws/install/bunker_base/share/bunker_base/local_setup.bash
-- Symlinking: /home/appfre/appfre_ws/install/bunker_base/share/bunker_base/local_setup.sh
-- Symlinking: /home/appfre/appfre_ws/install/bunker_base/share/bunker_base/local_setup.zsh
-- Symlinking: /home/appfre/appfre_ws/install/bunker_base/share/bunker_base/local_setup.dsv
-- Symlinking: /home/appfre/appfre_ws/install/bunker_base/share/bunker_base/package.dsv
-- Symlinking: /home/appfre/appfre_ws/install/bunker_base/share/ament_index/resource_index/packages/bunker_base
-- Symlinking: /home/appfre/appfre_ws/install/bunker_base/share/bunker_base/cmake/bunker_baseConfig.cmake
-- Symlinking: /home/appfre/appfre_ws/install/bunker_base/share/bunker_base/cmake/bunker_baseConfig-version.cmake
-- Symlinking: /home/appfre/appfre_ws/install/bunker_base/share/bunker_base/package.xml
