[0.057s] Invoking command in '/home/appfre/appfre_ws/build/bunker_base': AMENT_PREFIX_PATH=/home/appfre/appfre_ws/install/bunker_msgs:${AMENT_PREFIX_PATH} CMAKE_PREFIX_PATH=/opt/ros/humble:/home/appfre/appfre_ws/install/ugv_sdk:/home/appfre/appfre_ws/install/bunker_msgs LD_LIBRARY_PATH=/home/appfre/appfre_ws/install/bunker_msgs/lib:${LD_LIBRARY_PATH} PKG_CONFIG_PATH=/home/appfre/appfre_ws/install/ugv_sdk/lib/x86_64-linux-gnu/pkgconfig:/home/appfre/appfre_ws/install/ugv_sdk/lib/pkgconfig PYTHONPATH=/home/appfre/appfre_ws/install/bunker_msgs/local/lib/python3.10/dist-packages:${PYTHONPATH} ROS_PACKAGE_PATH=/home/appfre/appfre_ws/install/ugv_sdk/share /usr/bin/cmake /home/appfre/appfre_ws/src/bunker_ros2/bunker_base -DAMENT_CMAKE_SYMLINK_INSTALL=1 -DCMAKE_INSTALL_PREFIX=/home/appfre/appfre_ws/install/bunker_base
[0.106s] -- The C compiler identification is GNU 11.4.0
[0.160s] -- The CXX compiler identification is GNU 11.4.0
[0.168s] -- Detecting C compiler ABI info
[0.230s] -- Detecting C compiler ABI info - done
[0.237s] -- Check for working C compiler: /usr/bin/cc - skipped
[0.237s] -- Detecting C compile features
[0.238s] -- Detecting C compile features - done
[0.241s] -- Detecting CXX compiler ABI info
[0.311s] -- Detecting CXX compiler ABI info - done
[0.319s] -- Check for working CXX compiler: /usr/bin/c++ - skipped
[0.319s] -- Detecting CXX compile features
[0.319s] -- Detecting CXX compile features - done
[0.321s] -- Found ament_cmake: 1.3.7 (/opt/ros/humble/share/ament_cmake/cmake)
[0.478s] -- Found Python3: /usr/bin/python3.10 (found version "3.10.12") found components: Interpreter 
[0.536s] -- Override CMake install command with custom implementation using symlinks instead of copying resources
[0.557s] -- Found rclcpp: 16.0.8 (/opt/ros/humble/share/rclcpp/cmake)
[0.595s] -- Found rosidl_generator_c: 3.1.5 (/opt/ros/humble/share/rosidl_generator_c/cmake)
[0.599s] -- Found rosidl_adapter: 3.1.5 (/opt/ros/humble/share/rosidl_adapter/cmake)
[0.606s] -- Found rosidl_generator_cpp: 3.1.5 (/opt/ros/humble/share/rosidl_generator_cpp/cmake)
[0.619s] -- Using all available rosidl_typesupport_c: rosidl_typesupport_fastrtps_c;rosidl_typesupport_introspection_c
[0.637s] -- Using all available rosidl_typesupport_cpp: rosidl_typesupport_fastrtps_cpp;rosidl_typesupport_introspection_cpp
[0.703s] -- Found rmw_implementation_cmake: 6.1.1 (/opt/ros/humble/share/rmw_implementation_cmake/cmake)
[0.705s] -- Found rmw_fastrtps_cpp: 6.2.6 (/opt/ros/humble/share/rmw_fastrtps_cpp/cmake)
[0.790s] -- Found OpenSSL: /usr/lib/x86_64-linux-gnu/libcrypto.so (found version "3.0.2")  
[0.813s] -- Found FastRTPS: /opt/ros/humble/include  
[0.855s] -- Using RMW implementation 'rmw_fastrtps_cpp' as default
[0.864s] -- Looking for pthread.h
[0.929s] -- Looking for pthread.h - found
[0.929s] -- Performing Test CMAKE_HAVE_LIBC_PTHREAD
[0.996s] -- Performing Test CMAKE_HAVE_LIBC_PTHREAD - Success
[0.997s] -- Found Threads: TRUE  
[1.150s] -- Found geometry_msgs: 4.2.3 (/opt/ros/humble/share/geometry_msgs/cmake)
[1.195s] -- Found nav_msgs: 4.2.3 (/opt/ros/humble/share/nav_msgs/cmake)
[1.276s] -- Found sensor_msgs: 4.2.3 (/opt/ros/humble/share/sensor_msgs/cmake)
[1.358s] -- Found tf2: 0.25.5 (/opt/ros/humble/share/tf2/cmake)
[1.371s] -- Found tf2_ros: 0.25.5 (/opt/ros/humble/share/tf2_ros/cmake)
[1.693s] -- Found tf2_geometry_msgs: 0.25.5 (/opt/ros/humble/share/tf2_geometry_msgs/cmake)
[1.705s] -- Found eigen3_cmake_module: 0.1.1 (/opt/ros/humble/share/eigen3_cmake_module/cmake)
[1.707s] -- Found Eigen3: TRUE (found version "3.4.0") 
[1.707s] -- Ensuring Eigen3 include directory is part of orocos-kdl CMake target
[1.716s] -- Found bunker_msgs: 0.1.0 (/home/appfre/appfre_ws/install/bunker_msgs/share/bunker_msgs/cmake)
[1.776s] -- Found ament_lint_auto: 0.12.10 (/opt/ros/humble/share/ament_lint_auto/cmake)
[1.853s] -- Added test 'copyright' to check source files copyright and LICENSE
[1.854s] -- Added test 'cppcheck' to perform static code analysis on C / C++ code
[1.854s] -- Configured cppcheck include dirs: /home/appfre/appfre_ws/src/bunker_ros2/bunker_base/include
[1.854s] -- Configured cppcheck exclude dirs and/or files: 
[1.855s] -- Added test 'cpplint' to check C / C++ code against the Google style
[1.855s] -- Configured cpplint exclude dirs and/or files: 
[1.856s] -- Added test 'flake8' to check Python code syntax and style conventions
[1.856s] -- Added test 'lint_cmake' to check CMake code style
[1.857s] -- Added test 'pep257' to check Python code against some of the docstring style conventions in PEP 257
[1.858s] -- Added test 'uncrustify' to check C / C++ code style
[1.858s] -- Configured uncrustify additional arguments: 
[1.858s] -- Added test 'xmllint' to check XML markup files
[1.859s] -- Configuring done
[1.874s] -- Generating done
[1.876s] -- Build files have been written to: /home/appfre/appfre_ws/build/bunker_base
[1.887s] Invoked command in '/home/appfre/appfre_ws/build/bunker_base' returned '0': AMENT_PREFIX_PATH=/home/appfre/appfre_ws/install/bunker_msgs:${AMENT_PREFIX_PATH} CMAKE_PREFIX_PATH=/opt/ros/humble:/home/appfre/appfre_ws/install/ugv_sdk:/home/appfre/appfre_ws/install/bunker_msgs LD_LIBRARY_PATH=/home/appfre/appfre_ws/install/bunker_msgs/lib:${LD_LIBRARY_PATH} PKG_CONFIG_PATH=/home/appfre/appfre_ws/install/ugv_sdk/lib/x86_64-linux-gnu/pkgconfig:/home/appfre/appfre_ws/install/ugv_sdk/lib/pkgconfig PYTHONPATH=/home/appfre/appfre_ws/install/bunker_msgs/local/lib/python3.10/dist-packages:${PYTHONPATH} ROS_PACKAGE_PATH=/home/appfre/appfre_ws/install/ugv_sdk/share /usr/bin/cmake /home/appfre/appfre_ws/src/bunker_ros2/bunker_base -DAMENT_CMAKE_SYMLINK_INSTALL=1 -DCMAKE_INSTALL_PREFIX=/home/appfre/appfre_ws/install/bunker_base
[1.889s] Invoking command in '/home/appfre/appfre_ws/build/bunker_base': AMENT_PREFIX_PATH=/home/appfre/appfre_ws/install/bunker_msgs:${AMENT_PREFIX_PATH} CMAKE_PREFIX_PATH=/opt/ros/humble:/home/appfre/appfre_ws/install/ugv_sdk:/home/appfre/appfre_ws/install/bunker_msgs LD_LIBRARY_PATH=/home/appfre/appfre_ws/install/bunker_msgs/lib:${LD_LIBRARY_PATH} PKG_CONFIG_PATH=/home/appfre/appfre_ws/install/ugv_sdk/lib/x86_64-linux-gnu/pkgconfig:/home/appfre/appfre_ws/install/ugv_sdk/lib/pkgconfig PYTHONPATH=/home/appfre/appfre_ws/install/bunker_msgs/local/lib/python3.10/dist-packages:${PYTHONPATH} ROS_PACKAGE_PATH=/home/appfre/appfre_ws/install/ugv_sdk/share /usr/bin/cmake --build /home/appfre/appfre_ws/build/bunker_base -- -j8 -l8
[1.935s] [ 66%] [32mBuilding CXX object CMakeFiles/bunker_base_node.dir/src/bunker_base_node.cpp.o[0m
[1.935s] [ 66%] [32mBuilding CXX object CMakeFiles/bunker_base_node.dir/src/bunker_base_ros.cpp.o[0m
[11.829s] [100%] [32m[1mLinking CXX executable bunker_base_node[0m
[12.300s] [100%] Built target bunker_base_node
[12.311s] Invoked command in '/home/appfre/appfre_ws/build/bunker_base' returned '0': AMENT_PREFIX_PATH=/home/appfre/appfre_ws/install/bunker_msgs:${AMENT_PREFIX_PATH} CMAKE_PREFIX_PATH=/opt/ros/humble:/home/appfre/appfre_ws/install/ugv_sdk:/home/appfre/appfre_ws/install/bunker_msgs LD_LIBRARY_PATH=/home/appfre/appfre_ws/install/bunker_msgs/lib:${LD_LIBRARY_PATH} PKG_CONFIG_PATH=/home/appfre/appfre_ws/install/ugv_sdk/lib/x86_64-linux-gnu/pkgconfig:/home/appfre/appfre_ws/install/ugv_sdk/lib/pkgconfig PYTHONPATH=/home/appfre/appfre_ws/install/bunker_msgs/local/lib/python3.10/dist-packages:${PYTHONPATH} ROS_PACKAGE_PATH=/home/appfre/appfre_ws/install/ugv_sdk/share /usr/bin/cmake --build /home/appfre/appfre_ws/build/bunker_base -- -j8 -l8
[12.335s] Invoking command in '/home/appfre/appfre_ws/build/bunker_base': AMENT_PREFIX_PATH=/home/appfre/appfre_ws/install/bunker_msgs:${AMENT_PREFIX_PATH} CMAKE_PREFIX_PATH=/opt/ros/humble:/home/appfre/appfre_ws/install/ugv_sdk:/home/appfre/appfre_ws/install/bunker_msgs LD_LIBRARY_PATH=/home/appfre/appfre_ws/install/bunker_msgs/lib:${LD_LIBRARY_PATH} PKG_CONFIG_PATH=/home/appfre/appfre_ws/install/ugv_sdk/lib/x86_64-linux-gnu/pkgconfig:/home/appfre/appfre_ws/install/ugv_sdk/lib/pkgconfig PYTHONPATH=/home/appfre/appfre_ws/install/bunker_msgs/local/lib/python3.10/dist-packages:${PYTHONPATH} ROS_PACKAGE_PATH=/home/appfre/appfre_ws/install/ugv_sdk/share /usr/bin/cmake --install /home/appfre/appfre_ws/build/bunker_base
[12.342s] -- Install configuration: ""
[12.343s] -- Execute custom install script
[12.343s] -- Symlinking: /home/appfre/appfre_ws/install/bunker_base/lib/bunker_base/bunker_base_node
[12.351s] -- Symlinking: /home/appfre/appfre_ws/install/bunker_base/share/bunker_base//launch/bunker_base.launch.py
[12.359s] -- Symlinking: /home/appfre/appfre_ws/install/bunker_base/share/ament_index/resource_index/package_run_dependencies/bunker_base
[12.366s] -- Symlinking: /home/appfre/appfre_ws/install/bunker_base/share/ament_index/resource_index/parent_prefix_path/bunker_base
[12.374s] -- Symlinking: /home/appfre/appfre_ws/install/bunker_base/share/bunker_base/environment/ament_prefix_path.sh
[12.382s] -- Symlinking: /home/appfre/appfre_ws/install/bunker_base/share/bunker_base/environment/ament_prefix_path.dsv
[12.389s] -- Symlinking: /home/appfre/appfre_ws/install/bunker_base/share/bunker_base/environment/path.sh
[12.397s] -- Symlinking: /home/appfre/appfre_ws/install/bunker_base/share/bunker_base/environment/path.dsv
[12.406s] -- Symlinking: /home/appfre/appfre_ws/install/bunker_base/share/bunker_base/local_setup.bash
[12.414s] -- Symlinking: /home/appfre/appfre_ws/install/bunker_base/share/bunker_base/local_setup.sh
[12.422s] -- Symlinking: /home/appfre/appfre_ws/install/bunker_base/share/bunker_base/local_setup.zsh
[12.429s] -- Symlinking: /home/appfre/appfre_ws/install/bunker_base/share/bunker_base/local_setup.dsv
[12.436s] -- Symlinking: /home/appfre/appfre_ws/install/bunker_base/share/bunker_base/package.dsv
[12.443s] -- Symlinking: /home/appfre/appfre_ws/install/bunker_base/share/ament_index/resource_index/packages/bunker_base
[12.451s] -- Symlinking: /home/appfre/appfre_ws/install/bunker_base/share/bunker_base/cmake/bunker_baseConfig.cmake
[12.459s] -- Symlinking: /home/appfre/appfre_ws/install/bunker_base/share/bunker_base/cmake/bunker_baseConfig-version.cmake
[12.466s] -- Symlinking: /home/appfre/appfre_ws/install/bunker_base/share/bunker_base/package.xml
[12.475s] Invoked command in '/home/appfre/appfre_ws/build/bunker_base' returned '0': AMENT_PREFIX_PATH=/home/appfre/appfre_ws/install/bunker_msgs:${AMENT_PREFIX_PATH} CMAKE_PREFIX_PATH=/opt/ros/humble:/home/appfre/appfre_ws/install/ugv_sdk:/home/appfre/appfre_ws/install/bunker_msgs LD_LIBRARY_PATH=/home/appfre/appfre_ws/install/bunker_msgs/lib:${LD_LIBRARY_PATH} PKG_CONFIG_PATH=/home/appfre/appfre_ws/install/ugv_sdk/lib/x86_64-linux-gnu/pkgconfig:/home/appfre/appfre_ws/install/ugv_sdk/lib/pkgconfig PYTHONPATH=/home/appfre/appfre_ws/install/bunker_msgs/local/lib/python3.10/dist-packages:${PYTHONPATH} ROS_PACKAGE_PATH=/home/appfre/appfre_ws/install/ugv_sdk/share /usr/bin/cmake --install /home/appfre/appfre_ws/build/bunker_base
