[0.051s] Invoking command in '/home/appfre/appfre_ws/build/bunker_base': AMENT_PREFIX_PATH=/home/appfre/appfre_ws/install/bunker_msgs:${AMENT_PREFIX_PATH} CMAKE_PREFIX_PATH=/opt/ros/humble:/home/appfre/appfre_ws/install/ugv_sdk:/home/appfre/appfre_ws/install/bunker_msgs LD_LIBRARY_PATH=/home/appfre/appfre_ws/install/bunker_msgs/lib:${LD_LIBRARY_PATH} PKG_CONFIG_PATH=/home/appfre/appfre_ws/install/ugv_sdk/lib/x86_64-linux-gnu/pkgconfig:/home/appfre/appfre_ws/install/ugv_sdk/lib/pkgconfig PYTHONPATH=/home/appfre/appfre_ws/install/bunker_msgs/local/lib/python3.10/dist-packages:${PYTHONPATH} ROS_PACKAGE_PATH=/home/appfre/appfre_ws/install/ugv_sdk/share /usr/bin/cmake --build /home/appfre/appfre_ws/build/bunker_base -- -j8 -l8
[0.088s] [35m[1mConsolidate compiler generated dependencies of target bunker_base_node[0m
[0.113s] [100%] Built target bunker_base_node
[0.123s] Invoked command in '/home/appfre/appfre_ws/build/bunker_base' returned '0': AMENT_PREFIX_PATH=/home/appfre/appfre_ws/install/bunker_msgs:${AMENT_PREFIX_PATH} CMAKE_PREFIX_PATH=/opt/ros/humble:/home/appfre/appfre_ws/install/ugv_sdk:/home/appfre/appfre_ws/install/bunker_msgs LD_LIBRARY_PATH=/home/appfre/appfre_ws/install/bunker_msgs/lib:${LD_LIBRARY_PATH} PKG_CONFIG_PATH=/home/appfre/appfre_ws/install/ugv_sdk/lib/x86_64-linux-gnu/pkgconfig:/home/appfre/appfre_ws/install/ugv_sdk/lib/pkgconfig PYTHONPATH=/home/appfre/appfre_ws/install/bunker_msgs/local/lib/python3.10/dist-packages:${PYTHONPATH} ROS_PACKAGE_PATH=/home/appfre/appfre_ws/install/ugv_sdk/share /usr/bin/cmake --build /home/appfre/appfre_ws/build/bunker_base -- -j8 -l8
[0.148s] Invoking command in '/home/appfre/appfre_ws/build/bunker_base': AMENT_PREFIX_PATH=/home/appfre/appfre_ws/install/bunker_msgs:${AMENT_PREFIX_PATH} CMAKE_PREFIX_PATH=/opt/ros/humble:/home/appfre/appfre_ws/install/ugv_sdk:/home/appfre/appfre_ws/install/bunker_msgs LD_LIBRARY_PATH=/home/appfre/appfre_ws/install/bunker_msgs/lib:${LD_LIBRARY_PATH} PKG_CONFIG_PATH=/home/appfre/appfre_ws/install/ugv_sdk/lib/x86_64-linux-gnu/pkgconfig:/home/appfre/appfre_ws/install/ugv_sdk/lib/pkgconfig PYTHONPATH=/home/appfre/appfre_ws/install/bunker_msgs/local/lib/python3.10/dist-packages:${PYTHONPATH} ROS_PACKAGE_PATH=/home/appfre/appfre_ws/install/ugv_sdk/share /usr/bin/cmake --install /home/appfre/appfre_ws/build/bunker_base
[0.154s] -- Install configuration: ""
[0.155s] -- Execute custom install script
[0.155s] -- Up-to-date symlink: /home/appfre/appfre_ws/install/bunker_base/lib/bunker_base/bunker_base_node
[0.156s] -- Up-to-date symlink: /home/appfre/appfre_ws/install/bunker_base/share/bunker_base//launch/bunker_base.launch.py
[0.156s] -- Up-to-date symlink: /home/appfre/appfre_ws/install/bunker_base/share/ament_index/resource_index/package_run_dependencies/bunker_base
[0.156s] -- Up-to-date symlink: /home/appfre/appfre_ws/install/bunker_base/share/ament_index/resource_index/parent_prefix_path/bunker_base
[0.157s] -- Up-to-date symlink: /home/appfre/appfre_ws/install/bunker_base/share/bunker_base/environment/ament_prefix_path.sh
[0.157s] -- Up-to-date symlink: /home/appfre/appfre_ws/install/bunker_base/share/bunker_base/environment/ament_prefix_path.dsv
[0.157s] -- Up-to-date symlink: /home/appfre/appfre_ws/install/bunker_base/share/bunker_base/environment/path.sh
[0.157s] -- Up-to-date symlink: /home/appfre/appfre_ws/install/bunker_base/share/bunker_base/environment/path.dsv
[0.158s] -- Up-to-date symlink: /home/appfre/appfre_ws/install/bunker_base/share/bunker_base/local_setup.bash
[0.158s] -- Up-to-date symlink: /home/appfre/appfre_ws/install/bunker_base/share/bunker_base/local_setup.sh
[0.158s] -- Up-to-date symlink: /home/appfre/appfre_ws/install/bunker_base/share/bunker_base/local_setup.zsh
[0.158s] -- Up-to-date symlink: /home/appfre/appfre_ws/install/bunker_base/share/bunker_base/local_setup.dsv
[0.158s] -- Symlinking: /home/appfre/appfre_ws/install/bunker_base/share/bunker_base/package.dsv
[0.167s] -- Up-to-date symlink: /home/appfre/appfre_ws/install/bunker_base/share/ament_index/resource_index/packages/bunker_base
[0.167s] -- Up-to-date symlink: /home/appfre/appfre_ws/install/bunker_base/share/bunker_base/cmake/bunker_baseConfig.cmake
[0.167s] -- Up-to-date symlink: /home/appfre/appfre_ws/install/bunker_base/share/bunker_base/cmake/bunker_baseConfig-version.cmake
[0.167s] -- Up-to-date symlink: /home/appfre/appfre_ws/install/bunker_base/share/bunker_base/package.xml
[0.169s] Invoked command in '/home/appfre/appfre_ws/build/bunker_base' returned '0': AMENT_PREFIX_PATH=/home/appfre/appfre_ws/install/bunker_msgs:${AMENT_PREFIX_PATH} CMAKE_PREFIX_PATH=/opt/ros/humble:/home/appfre/appfre_ws/install/ugv_sdk:/home/appfre/appfre_ws/install/bunker_msgs LD_LIBRARY_PATH=/home/appfre/appfre_ws/install/bunker_msgs/lib:${LD_LIBRARY_PATH} PKG_CONFIG_PATH=/home/appfre/appfre_ws/install/ugv_sdk/lib/x86_64-linux-gnu/pkgconfig:/home/appfre/appfre_ws/install/ugv_sdk/lib/pkgconfig PYTHONPATH=/home/appfre/appfre_ws/install/bunker_msgs/local/lib/python3.10/dist-packages:${PYTHONPATH} ROS_PACKAGE_PATH=/home/appfre/appfre_ws/install/ugv_sdk/share /usr/bin/cmake --install /home/appfre/appfre_ws/build/bunker_base
