[0.118s] Invoking command in '/home/appfre/appfre_ws/build/bunker_mini': CMAKE_PREFIX_PATH=/opt/ros/humble /usr/bin/cmake --build /home/appfre/appfre_ws/build/bunker_mini -- -j4 -l4
[0.143s] -- Found ament_cmake: 1.3.6 (/opt/ros/humble/share/ament_cmake/cmake)
[0.272s] -- Override CMake install command with custom implementation using symlinks instead of copying resources
[0.287s] -- Found ament_lint_auto: 0.12.9 (/opt/ros/humble/share/ament_lint_auto/cmake)
[0.353s] -- Added test 'copyright' to check source files copyright and LICENSE
[0.358s] -- Added test 'flake8' to check Python code syntax and style conventions
[0.359s] -- Added test 'lint_cmake' to check CMake code style
[0.359s] -- Added test 'pep257' to check Python code against some of the docstring style conventions in PEP 257
[0.363s] -- Added test 'xmllint' to check XML markup files
[0.364s] -- Configuring done
[0.367s] -- Generating done
[0.368s] -- Build files have been written to: /home/appfre/appfre_ws/build/bunker_mini
[0.385s] Invoked command in '/home/appfre/appfre_ws/build/bunker_mini' returned '0': CMAKE_PREFIX_PATH=/opt/ros/humble /usr/bin/cmake --build /home/appfre/appfre_ws/build/bunker_mini -- -j4 -l4
[0.413s] Invoking command in '/home/appfre/appfre_ws/build/bunker_mini': CMAKE_PREFIX_PATH=/opt/ros/humble /usr/bin/cmake --install /home/appfre/appfre_ws/build/bunker_mini
[0.419s] -- Install configuration: ""
[0.420s] -- Execute custom install script
[0.420s] -- Up-to-date symlink: /home/appfre/appfre_ws/install/bunker_mini/share/bunker_mini/config/drive_bot.rviz
[0.420s] -- Up-to-date symlink: /home/appfre/appfre_ws/install/bunker_mini/share/bunker_mini/config/empty.yaml
[0.420s] -- Up-to-date symlink: /home/appfre/appfre_ws/install/bunker_mini/share/bunker_mini/config/mapper_params_online_async.yaml
[0.420s] -- Up-to-date symlink: /home/appfre/appfre_ws/install/bunker_mini/share/bunker_mini/config/nav2_config.rviz
[0.421s] -- Up-to-date symlink: /home/appfre/appfre_ws/install/bunker_mini/share/bunker_mini/config/nav2_params.yaml
[0.421s] -- Up-to-date symlink: /home/appfre/appfre_ws/install/bunker_mini/share/bunker_mini/config/rviz_slam_config.rviz
[0.421s] -- Up-to-date symlink: /home/appfre/appfre_ws/install/bunker_mini/share/bunker_mini/config/test_costmap.rviz
[0.421s] -- Up-to-date symlink: /home/appfre/appfre_ws/install/bunker_mini/share/bunker_mini/description/bunker_mini.stl
[0.421s] -- Up-to-date symlink: /home/appfre/appfre_ws/install/bunker_mini/share/bunker_mini/description/gazebo_control.xacro
[0.421s] -- Up-to-date symlink: /home/appfre/appfre_ws/install/bunker_mini/share/bunker_mini/description/inertial_macros.xacro
[0.421s] -- Up-to-date symlink: /home/appfre/appfre_ws/install/bunker_mini/share/bunker_mini/description/lidar.xacro
[0.421s] -- Up-to-date symlink: /home/appfre/appfre_ws/install/bunker_mini/share/bunker_mini/description/materials.xacro
[0.421s] -- Up-to-date symlink: /home/appfre/appfre_ws/install/bunker_mini/share/bunker_mini/description/robot.urdf.xacro
[0.422s] -- Up-to-date symlink: /home/appfre/appfre_ws/install/bunker_mini/share/bunker_mini/description/robot_core.xacro
[0.422s] -- Up-to-date symlink: /home/appfre/appfre_ws/install/bunker_mini/share/bunker_mini/launch/launch_nav2.launch.py
[0.422s] -- Up-to-date symlink: /home/appfre/appfre_ws/install/bunker_mini/share/bunker_mini/launch/rsp.launch.py
[0.422s] -- Up-to-date symlink: /home/appfre/appfre_ws/install/bunker_mini/share/bunker_mini/worlds/empty.world
[0.422s] -- Up-to-date symlink: /home/appfre/appfre_ws/install/bunker_mini/share/bunker_mini/worlds/obstacles.world
[0.422s] -- Symlinking: /home/appfre/appfre_ws/install/bunker_mini/share/bunker_mini/worlds/room.world
[0.430s] -- Up-to-date symlink: /home/appfre/appfre_ws/install/bunker_mini/share/bunker_mini/worlds/room_with_obstacles.world
[0.430s] -- Up-to-date symlink: /home/appfre/appfre_ws/install/bunker_mini/share/bunker_mini/worlds/small_gap.world
[0.430s] -- Up-to-date symlink: /home/appfre/appfre_ws/install/bunker_mini/share/ament_index/resource_index/package_run_dependencies/bunker_mini
[0.431s] -- Up-to-date symlink: /home/appfre/appfre_ws/install/bunker_mini/share/ament_index/resource_index/parent_prefix_path/bunker_mini
[0.432s] -- Up-to-date symlink: /home/appfre/appfre_ws/install/bunker_mini/share/bunker_mini/environment/ament_prefix_path.sh
[0.432s] -- Up-to-date symlink: /home/appfre/appfre_ws/install/bunker_mini/share/bunker_mini/environment/ament_prefix_path.dsv
[0.432s] -- Up-to-date symlink: /home/appfre/appfre_ws/install/bunker_mini/share/bunker_mini/environment/path.sh
[0.432s] -- Up-to-date symlink: /home/appfre/appfre_ws/install/bunker_mini/share/bunker_mini/environment/path.dsv
[0.432s] -- Up-to-date symlink: /home/appfre/appfre_ws/install/bunker_mini/share/bunker_mini/local_setup.bash
[0.432s] -- Up-to-date symlink: /home/appfre/appfre_ws/install/bunker_mini/share/bunker_mini/local_setup.sh
[0.432s] -- Up-to-date symlink: /home/appfre/appfre_ws/install/bunker_mini/share/bunker_mini/local_setup.zsh
[0.432s] -- Up-to-date symlink: /home/appfre/appfre_ws/install/bunker_mini/share/bunker_mini/local_setup.dsv
[0.432s] -- Symlinking: /home/appfre/appfre_ws/install/bunker_mini/share/bunker_mini/package.dsv
[0.442s] -- Up-to-date symlink: /home/appfre/appfre_ws/install/bunker_mini/share/ament_index/resource_index/packages/bunker_mini
[0.442s] -- Up-to-date symlink: /home/appfre/appfre_ws/install/bunker_mini/share/bunker_mini/cmake/bunker_miniConfig.cmake
[0.442s] -- Up-to-date symlink: /home/appfre/appfre_ws/install/bunker_mini/share/bunker_mini/cmake/bunker_miniConfig-version.cmake
[0.443s] -- Up-to-date symlink: /home/appfre/appfre_ws/install/bunker_mini/share/bunker_mini/package.xml
[0.444s] Invoked command in '/home/appfre/appfre_ws/build/bunker_mini' returned '0': CMAKE_PREFIX_PATH=/opt/ros/humble /usr/bin/cmake --install /home/appfre/appfre_ws/build/bunker_mini
