-- The C compiler identification is GNU 11.4.0
-- The CXX compiler identification is GNU 11.4.0
-- Detecting C compiler ABI info
-- Detecting C compiler ABI info - done
-- Check for working C compiler: /usr/bin/cc - skipped
-- Detecting C compile features
-- Detecting C compile features - done
-- Detecting CXX compiler ABI info
-- Detecting CXX compiler ABI info - done
-- Check for working CXX compiler: /usr/bin/c++ - skipped
-- Detecting CXX compile features
-- Detecting CXX compile features - done
-- Found ament_cmake: 1.3.7 (/opt/ros/humble/share/ament_cmake/cmake)
-- Found Python3: /usr/bin/python3.10 (found version "3.10.12") found components: Interpreter 
-- Override CMake install command with custom implementation using symlinks instead of copying resources
-- Found builtin_interfaces: 1.2.1 (/opt/ros/humble/share/builtin_interfaces/cmake)
-- Found rosidl_generator_c: 3.1.5 (/opt/ros/humble/share/rosidl_generator_c/cmake)
-- Found rosidl_adapter: 3.1.5 (/opt/ros/humble/share/rosidl_adapter/cmake)
-- Found rosidl_generator_cpp: 3.1.5 (/opt/ros/humble/share/rosidl_generator_cpp/cmake)
-- Using all available rosidl_typesupport_c: rosidl_typesupport_fastrtps_c;rosidl_typesupport_introspection_c
-- Using all available rosidl_typesupport_cpp: rosidl_typesupport_fastrtps_cpp;rosidl_typesupport_introspection_cpp
-- Found rosidl_default_generators: 1.2.0 (/opt/ros/humble/share/rosidl_default_generators/cmake)
-- Found std_msgs: 4.2.3 (/opt/ros/humble/share/std_msgs/cmake)
-- Found ament_cmake_ros: 0.10.0 (/opt/ros/humble/share/ament_cmake_ros/cmake)
-- Using all available rosidl_typesupport_c: rosidl_typesupport_fastrtps_c;rosidl_typesupport_introspection_c
-- Using all available rosidl_typesupport_cpp: rosidl_typesupport_fastrtps_cpp;rosidl_typesupport_introspection_cpp
-- Found PythonInterp: /usr/bin/python3 (found suitable version "3.10.12", minimum required is "3.6") 
-- Found python_cmake_module: 0.10.0 (/opt/ros/humble/share/python_cmake_module/cmake)
-- Found PythonLibs: /usr/lib/x86_64-linux-gnu/libpython3.10.so (found suitable version "3.10.12", minimum required is "3.5") 
-- Using PYTHON_EXECUTABLE: /usr/bin/python3
-- Using PYTHON_INCLUDE_DIRS: /usr/include/python3.10
-- Using PYTHON_LIBRARIES: /usr/lib/x86_64-linux-gnu/libpython3.10.so
-- Found PythonExtra: .so  
-- Found ament_lint_auto: 0.12.10 (/opt/ros/humble/share/ament_lint_auto/cmake)
-- Added test 'copyright' to check source files copyright and LICENSE
-- Added test 'lint_cmake' to check CMake code style
-- Added test 'xmllint' to check XML markup files
-- Configuring done
-- Generating done
-- Build files have been written to: /home/appfre/appfre_ws/build/bunker_msgs
[  2%] [34m[1mGenerating C code for ROS interfaces[0m
[  4%] [34m[1mGenerating C++ code for ROS interfaces[0m
[  4%] Built target ament_cmake_python_symlink_bunker_msgs
running egg_info
creating bunker_msgs.egg-info
writing bunker_msgs.egg-info/PKG-INFO
writing dependency_links to bunker_msgs.egg-info/dependency_links.txt
writing top-level names to bunker_msgs.egg-info/top_level.txt
writing manifest file 'bunker_msgs.egg-info/SOURCES.txt'
reading manifest file 'bunker_msgs.egg-info/SOURCES.txt'
writing manifest file 'bunker_msgs.egg-info/SOURCES.txt'
[  4%] Built target ament_cmake_python_build_bunker_msgs_egg
[  4%] Built target bunker_msgs__cpp
[  6%] [34m[1mGenerating C++ type support dispatch for ROS interfaces[0m
[  8%] [34m[1mGenerating C++ type support for eProsima Fast-RTPS[0m
[ 10%] [34m[1mGenerating C++ introspection for ROS interfaces[0m
[ 12%] [32mBuilding C object CMakeFiles/bunker_msgs__rosidl_generator_c.dir/rosidl_generator_c/bunker_msgs/msg/detail/bunker_status__functions.c.o[0m
[ 14%] [32mBuilding C object CMakeFiles/bunker_msgs__rosidl_generator_c.dir/rosidl_generator_c/bunker_msgs/msg/detail/bunker_actuator_state__functions.c.o[0m
[ 17%] [32mBuilding C object CMakeFiles/bunker_msgs__rosidl_generator_c.dir/rosidl_generator_c/bunker_msgs/msg/detail/bunker_rc_state__functions.c.o[0m
[ 19%] [32m[1mLinking C shared library libbunker_msgs__rosidl_generator_c.so[0m
[ 19%] Built target bunker_msgs__rosidl_generator_c
[ 21%] [34m[1mGenerating C type support dispatch for ROS interfaces[0m
[ 23%] [34m[1mGenerating C type support for eProsima Fast-RTPS[0m
[ 25%] [34m[1mGenerating C introspection for ROS interfaces[0m
[ 27%] [32mBuilding CXX object CMakeFiles/bunker_msgs__rosidl_typesupport_cpp.dir/rosidl_typesupport_cpp/bunker_msgs/msg/bunker_actuator_state__type_support.cpp.o[0m
[ 29%] [32mBuilding CXX object CMakeFiles/bunker_msgs__rosidl_typesupport_cpp.dir/rosidl_typesupport_cpp/bunker_msgs/msg/bunker_rc_state__type_support.cpp.o[0m
[ 31%] [32mBuilding CXX object CMakeFiles/bunker_msgs__rosidl_typesupport_cpp.dir/rosidl_typesupport_cpp/bunker_msgs/msg/bunker_status__type_support.cpp.o[0m
[ 34%] [32mBuilding CXX object CMakeFiles/bunker_msgs__rosidl_typesupport_introspection_cpp.dir/rosidl_typesupport_introspection_cpp/bunker_msgs/msg/detail/bunker_actuator_state__type_support.cpp.o[0m
[ 36%] [32mBuilding CXX object CMakeFiles/bunker_msgs__rosidl_typesupport_fastrtps_cpp.dir/rosidl_typesupport_fastrtps_cpp/bunker_msgs/msg/detail/dds_fastrtps/bunker_actuator_state__type_support.cpp.o[0m
[ 38%] [32mBuilding CXX object CMakeFiles/bunker_msgs__rosidl_typesupport_fastrtps_cpp.dir/rosidl_typesupport_fastrtps_cpp/bunker_msgs/msg/detail/dds_fastrtps/bunker_rc_state__type_support.cpp.o[0m
[ 40%] [32mBuilding CXX object CMakeFiles/bunker_msgs__rosidl_typesupport_fastrtps_cpp.dir/rosidl_typesupport_fastrtps_cpp/bunker_msgs/msg/detail/dds_fastrtps/bunker_status__type_support.cpp.o[0m
[ 42%] [32m[1mLinking CXX shared library libbunker_msgs__rosidl_typesupport_cpp.so[0m
[ 44%] [32mBuilding C object CMakeFiles/bunker_msgs__rosidl_typesupport_introspection_c.dir/rosidl_typesupport_introspection_c/bunker_msgs/msg/detail/bunker_actuator_state__type_support.c.o[0m
[ 46%] [32mBuilding CXX object CMakeFiles/bunker_msgs__rosidl_typesupport_c.dir/rosidl_typesupport_c/bunker_msgs/msg/bunker_actuator_state__type_support.cpp.o[0m
[ 46%] Built target bunker_msgs__rosidl_typesupport_cpp
[ 48%] [32mBuilding C object CMakeFiles/bunker_msgs__rosidl_typesupport_introspection_c.dir/rosidl_typesupport_introspection_c/bunker_msgs/msg/detail/bunker_rc_state__type_support.c.o[0m
[ 51%] [32mBuilding C object CMakeFiles/bunker_msgs__rosidl_typesupport_introspection_c.dir/rosidl_typesupport_introspection_c/bunker_msgs/msg/detail/bunker_status__type_support.c.o[0m
[ 53%] [32mBuilding CXX object CMakeFiles/bunker_msgs__rosidl_typesupport_c.dir/rosidl_typesupport_c/bunker_msgs/msg/bunker_rc_state__type_support.cpp.o[0m
[ 55%] [32mBuilding CXX object CMakeFiles/bunker_msgs__rosidl_typesupport_introspection_cpp.dir/rosidl_typesupport_introspection_cpp/bunker_msgs/msg/detail/bunker_rc_state__type_support.cpp.o[0m
[ 57%] [32mBuilding CXX object CMakeFiles/bunker_msgs__rosidl_typesupport_c.dir/rosidl_typesupport_c/bunker_msgs/msg/bunker_status__type_support.cpp.o[0m
[ 59%] [32m[1mLinking C shared library libbunker_msgs__rosidl_typesupport_introspection_c.so[0m
[ 61%] [32mBuilding CXX object CMakeFiles/bunker_msgs__rosidl_typesupport_introspection_cpp.dir/rosidl_typesupport_introspection_cpp/bunker_msgs/msg/detail/bunker_status__type_support.cpp.o[0m
[ 63%] [32m[1mLinking CXX shared library libbunker_msgs__rosidl_typesupport_c.so[0m
[ 63%] Built target bunker_msgs__rosidl_typesupport_introspection_c
[ 65%] [32mBuilding CXX object CMakeFiles/bunker_msgs__rosidl_typesupport_fastrtps_c.dir/rosidl_typesupport_fastrtps_c/bunker_msgs/msg/detail/bunker_rc_state__type_support_c.cpp.o[0m
[ 68%] [32mBuilding CXX object CMakeFiles/bunker_msgs__rosidl_typesupport_fastrtps_c.dir/rosidl_typesupport_fastrtps_c/bunker_msgs/msg/detail/bunker_actuator_state__type_support_c.cpp.o[0m
[ 70%] [32mBuilding CXX object CMakeFiles/bunker_msgs__rosidl_typesupport_fastrtps_c.dir/rosidl_typesupport_fastrtps_c/bunker_msgs/msg/detail/bunker_status__type_support_c.cpp.o[0m
[ 70%] Built target bunker_msgs__rosidl_typesupport_c
[ 72%] [32m[1mLinking CXX shared library libbunker_msgs__rosidl_typesupport_fastrtps_cpp.so[0m
[ 72%] Built target bunker_msgs__rosidl_typesupport_fastrtps_cpp
[ 74%] [32m[1mLinking CXX shared library libbunker_msgs__rosidl_typesupport_introspection_cpp.so[0m
[ 74%] Built target bunker_msgs__rosidl_typesupport_introspection_cpp
[ 76%] [32m[1mLinking CXX shared library libbunker_msgs__rosidl_typesupport_fastrtps_c.so[0m
[ 76%] Built target bunker_msgs__rosidl_typesupport_fastrtps_c
[ 76%] Built target bunker_msgs
[ 78%] [34m[1mGenerating Python code for ROS interfaces[0m
[ 78%] Built target bunker_msgs__py
[ 82%] [32mBuilding C object CMakeFiles/bunker_msgs__rosidl_generator_py.dir/rosidl_generator_py/bunker_msgs/msg/_bunker_actuator_state_s.c.o[0m
[ 82%] [32mBuilding C object CMakeFiles/bunker_msgs__rosidl_generator_py.dir/rosidl_generator_py/bunker_msgs/msg/_bunker_rc_state_s.c.o[0m
[ 85%] [32mBuilding C object CMakeFiles/bunker_msgs__rosidl_generator_py.dir/rosidl_generator_py/bunker_msgs/msg/_bunker_status_s.c.o[0m
[ 87%] [32m[1mLinking C shared library rosidl_generator_py/bunker_msgs/libbunker_msgs__rosidl_generator_py.so[0m
[ 87%] Built target bunker_msgs__rosidl_generator_py
[ 89%] [32mBuilding C object CMakeFiles/bunker_msgs__rosidl_typesupport_introspection_c__pyext.dir/rosidl_generator_py/bunker_msgs/_bunker_msgs_s.ep.rosidl_typesupport_introspection_c.c.o[0m
[ 91%] [32mBuilding C object CMakeFiles/bunker_msgs__rosidl_typesupport_c__pyext.dir/rosidl_generator_py/bunker_msgs/_bunker_msgs_s.ep.rosidl_typesupport_c.c.o[0m
[ 93%] [32mBuilding C object CMakeFiles/bunker_msgs__rosidl_typesupport_fastrtps_c__pyext.dir/rosidl_generator_py/bunker_msgs/_bunker_msgs_s.ep.rosidl_typesupport_fastrtps_c.c.o[0m
[ 95%] [32m[1mLinking C shared library rosidl_generator_py/bunker_msgs/bunker_msgs_s__rosidl_typesupport_introspection_c.cpython-310-x86_64-linux-gnu.so[0m
[ 97%] [32m[1mLinking C shared library rosidl_generator_py/bunker_msgs/bunker_msgs_s__rosidl_typesupport_c.cpython-310-x86_64-linux-gnu.so[0m
[100%] [32m[1mLinking C shared library rosidl_generator_py/bunker_msgs/bunker_msgs_s__rosidl_typesupport_fastrtps_c.cpython-310-x86_64-linux-gnu.so[0m
[100%] Built target bunker_msgs__rosidl_typesupport_introspection_c__pyext
[100%] Built target bunker_msgs__rosidl_typesupport_c__pyext
[100%] Built target bunker_msgs__rosidl_typesupport_fastrtps_c__pyext
-- Install configuration: ""
-- Execute custom install script
-- Symlinking: /home/appfre/appfre_ws/install/bunker_msgs/share/ament_index/resource_index/rosidl_interfaces/bunker_msgs
-- Symlinking: /home/appfre/appfre_ws/install/bunker_msgs/include/bunker_msgs/bunker_msgs/msg/bunker_actuator_state.h
-- Symlinking: /home/appfre/appfre_ws/install/bunker_msgs/include/bunker_msgs/bunker_msgs/msg/bunker_rc_state.h
-- Symlinking: /home/appfre/appfre_ws/install/bunker_msgs/include/bunker_msgs/bunker_msgs/msg/bunker_status.h
-- Symlinking: /home/appfre/appfre_ws/install/bunker_msgs/include/bunker_msgs/bunker_msgs/msg/detail/bunker_actuator_state__functions.h
-- Symlinking: /home/appfre/appfre_ws/install/bunker_msgs/include/bunker_msgs/bunker_msgs/msg/detail/bunker_actuator_state__struct.h
-- Symlinking: /home/appfre/appfre_ws/install/bunker_msgs/include/bunker_msgs/bunker_msgs/msg/detail/bunker_actuator_state__type_support.h
-- Symlinking: /home/appfre/appfre_ws/install/bunker_msgs/include/bunker_msgs/bunker_msgs/msg/detail/bunker_rc_state__functions.h
-- Symlinking: /home/appfre/appfre_ws/install/bunker_msgs/include/bunker_msgs/bunker_msgs/msg/detail/bunker_rc_state__struct.h
-- Symlinking: /home/appfre/appfre_ws/install/bunker_msgs/include/bunker_msgs/bunker_msgs/msg/detail/bunker_rc_state__type_support.h
-- Symlinking: /home/appfre/appfre_ws/install/bunker_msgs/include/bunker_msgs/bunker_msgs/msg/detail/bunker_status__functions.h
-- Symlinking: /home/appfre/appfre_ws/install/bunker_msgs/include/bunker_msgs/bunker_msgs/msg/detail/bunker_status__struct.h
-- Symlinking: /home/appfre/appfre_ws/install/bunker_msgs/include/bunker_msgs/bunker_msgs/msg/detail/bunker_status__type_support.h
-- Symlinking: /home/appfre/appfre_ws/install/bunker_msgs/include/bunker_msgs/bunker_msgs/msg/rosidl_generator_c__visibility_control.h
-- Symlinking: /home/appfre/appfre_ws/install/bunker_msgs/share/bunker_msgs/environment/library_path.sh
-- Symlinking: /home/appfre/appfre_ws/install/bunker_msgs/share/bunker_msgs/environment/library_path.dsv
-- Symlinking: /home/appfre/appfre_ws/install/bunker_msgs/include/bunker_msgs/bunker_msgs/msg/detail/bunker_actuator_state__rosidl_typesupport_fastrtps_c.h
-- Symlinking: /home/appfre/appfre_ws/install/bunker_msgs/include/bunker_msgs/bunker_msgs/msg/detail/bunker_rc_state__rosidl_typesupport_fastrtps_c.h
-- Symlinking: /home/appfre/appfre_ws/install/bunker_msgs/include/bunker_msgs/bunker_msgs/msg/detail/bunker_status__rosidl_typesupport_fastrtps_c.h
-- Symlinking: /home/appfre/appfre_ws/install/bunker_msgs/include/bunker_msgs/bunker_msgs/msg/rosidl_typesupport_fastrtps_c__visibility_control.h
-- Symlinking: /home/appfre/appfre_ws/install/bunker_msgs/include/bunker_msgs/bunker_msgs/msg/bunker_actuator_state.hpp
-- Symlinking: /home/appfre/appfre_ws/install/bunker_msgs/include/bunker_msgs/bunker_msgs/msg/bunker_rc_state.hpp
-- Symlinking: /home/appfre/appfre_ws/install/bunker_msgs/include/bunker_msgs/bunker_msgs/msg/bunker_status.hpp
-- Symlinking: /home/appfre/appfre_ws/install/bunker_msgs/include/bunker_msgs/bunker_msgs/msg/detail/bunker_actuator_state__builder.hpp
-- Symlinking: /home/appfre/appfre_ws/install/bunker_msgs/include/bunker_msgs/bunker_msgs/msg/detail/bunker_actuator_state__struct.hpp
-- Symlinking: /home/appfre/appfre_ws/install/bunker_msgs/include/bunker_msgs/bunker_msgs/msg/detail/bunker_actuator_state__traits.hpp
-- Symlinking: /home/appfre/appfre_ws/install/bunker_msgs/include/bunker_msgs/bunker_msgs/msg/detail/bunker_rc_state__builder.hpp
-- Symlinking: /home/appfre/appfre_ws/install/bunker_msgs/include/bunker_msgs/bunker_msgs/msg/detail/bunker_rc_state__struct.hpp
-- Symlinking: /home/appfre/appfre_ws/install/bunker_msgs/include/bunker_msgs/bunker_msgs/msg/detail/bunker_rc_state__traits.hpp
-- Symlinking: /home/appfre/appfre_ws/install/bunker_msgs/include/bunker_msgs/bunker_msgs/msg/detail/bunker_status__builder.hpp
-- Symlinking: /home/appfre/appfre_ws/install/bunker_msgs/include/bunker_msgs/bunker_msgs/msg/detail/bunker_status__struct.hpp
-- Symlinking: /home/appfre/appfre_ws/install/bunker_msgs/include/bunker_msgs/bunker_msgs/msg/detail/bunker_status__traits.hpp
-- Symlinking: /home/appfre/appfre_ws/install/bunker_msgs/include/bunker_msgs/bunker_msgs/msg/detail/bunker_actuator_state__rosidl_typesupport_fastrtps_cpp.hpp
-- Symlinking: /home/appfre/appfre_ws/install/bunker_msgs/include/bunker_msgs/bunker_msgs/msg/detail/bunker_rc_state__rosidl_typesupport_fastrtps_cpp.hpp
-- Symlinking: /home/appfre/appfre_ws/install/bunker_msgs/include/bunker_msgs/bunker_msgs/msg/detail/bunker_status__rosidl_typesupport_fastrtps_cpp.hpp
-- Symlinking: /home/appfre/appfre_ws/install/bunker_msgs/include/bunker_msgs/bunker_msgs/msg/rosidl_typesupport_fastrtps_cpp__visibility_control.h
-- Symlinking: /home/appfre/appfre_ws/install/bunker_msgs/include/bunker_msgs/bunker_msgs/msg/detail/bunker_actuator_state__rosidl_typesupport_introspection_c.h
-- Symlinking: /home/appfre/appfre_ws/install/bunker_msgs/include/bunker_msgs/bunker_msgs/msg/detail/bunker_rc_state__rosidl_typesupport_introspection_c.h
-- Symlinking: /home/appfre/appfre_ws/install/bunker_msgs/include/bunker_msgs/bunker_msgs/msg/detail/bunker_status__rosidl_typesupport_introspection_c.h
-- Symlinking: /home/appfre/appfre_ws/install/bunker_msgs/include/bunker_msgs/bunker_msgs/msg/rosidl_typesupport_introspection_c__visibility_control.h
-- Symlinking: /home/appfre/appfre_ws/install/bunker_msgs/include/bunker_msgs/bunker_msgs/msg/detail/bunker_actuator_state__rosidl_typesupport_introspection_cpp.hpp
-- Symlinking: /home/appfre/appfre_ws/install/bunker_msgs/include/bunker_msgs/bunker_msgs/msg/detail/bunker_rc_state__rosidl_typesupport_introspection_cpp.hpp
-- Symlinking: /home/appfre/appfre_ws/install/bunker_msgs/include/bunker_msgs/bunker_msgs/msg/detail/bunker_status__rosidl_typesupport_introspection_cpp.hpp
-- Symlinking: /home/appfre/appfre_ws/install/bunker_msgs/share/bunker_msgs/environment/pythonpath.sh
-- Symlinking: /home/appfre/appfre_ws/install/bunker_msgs/share/bunker_msgs/environment/pythonpath.dsv
-- Symlinking: /home/appfre/appfre_ws/install/bunker_msgs/local/lib/python3.10/dist-packages/bunker_msgs-0.1.0-py3.10.egg-info/PKG-INFO
-- Symlinking: /home/appfre/appfre_ws/install/bunker_msgs/local/lib/python3.10/dist-packages/bunker_msgs-0.1.0-py3.10.egg-info/SOURCES.txt
-- Symlinking: /home/appfre/appfre_ws/install/bunker_msgs/local/lib/python3.10/dist-packages/bunker_msgs-0.1.0-py3.10.egg-info/dependency_links.txt
-- Symlinking: /home/appfre/appfre_ws/install/bunker_msgs/local/lib/python3.10/dist-packages/bunker_msgs-0.1.0-py3.10.egg-info/top_level.txt
-- Symlinking: /home/appfre/appfre_ws/install/bunker_msgs/local/lib/python3.10/dist-packages/bunker_msgs/__init__.py
-- Symlinking: /home/appfre/appfre_ws/install/bunker_msgs/local/lib/python3.10/dist-packages/bunker_msgs/_bunker_msgs_s.ep.rosidl_typesupport_c.c
-- Symlinking: /home/appfre/appfre_ws/install/bunker_msgs/local/lib/python3.10/dist-packages/bunker_msgs/_bunker_msgs_s.ep.rosidl_typesupport_fastrtps_c.c
-- Symlinking: /home/appfre/appfre_ws/install/bunker_msgs/local/lib/python3.10/dist-packages/bunker_msgs/_bunker_msgs_s.ep.rosidl_typesupport_introspection_c.c
-- Symlinking: /home/appfre/appfre_ws/install/bunker_msgs/local/lib/python3.10/dist-packages/bunker_msgs/bunker_msgs_s__rosidl_typesupport_c.cpython-310-x86_64-linux-gnu.so
-- Symlinking: /home/appfre/appfre_ws/install/bunker_msgs/local/lib/python3.10/dist-packages/bunker_msgs/bunker_msgs_s__rosidl_typesupport_fastrtps_c.cpython-310-x86_64-linux-gnu.so
-- Symlinking: /home/appfre/appfre_ws/install/bunker_msgs/local/lib/python3.10/dist-packages/bunker_msgs/bunker_msgs_s__rosidl_typesupport_introspection_c.cpython-310-x86_64-linux-gnu.so
-- Symlinking: /home/appfre/appfre_ws/install/bunker_msgs/local/lib/python3.10/dist-packages/bunker_msgs/libbunker_msgs__rosidl_generator_py.so
-- Symlinking: /home/appfre/appfre_ws/install/bunker_msgs/local/lib/python3.10/dist-packages/bunker_msgs/msg/__init__.py
-- Symlinking: /home/appfre/appfre_ws/install/bunker_msgs/local/lib/python3.10/dist-packages/bunker_msgs/msg/_bunker_actuator_state.py
-- Symlinking: /home/appfre/appfre_ws/install/bunker_msgs/local/lib/python3.10/dist-packages/bunker_msgs/msg/_bunker_actuator_state_s.c
-- Symlinking: /home/appfre/appfre_ws/install/bunker_msgs/local/lib/python3.10/dist-packages/bunker_msgs/msg/_bunker_rc_state.py
-- Symlinking: /home/appfre/appfre_ws/install/bunker_msgs/local/lib/python3.10/dist-packages/bunker_msgs/msg/_bunker_rc_state_s.c
-- Symlinking: /home/appfre/appfre_ws/install/bunker_msgs/local/lib/python3.10/dist-packages/bunker_msgs/msg/_bunker_status.py
-- Symlinking: /home/appfre/appfre_ws/install/bunker_msgs/local/lib/python3.10/dist-packages/bunker_msgs/msg/_bunker_status_s.c
-- Up-to-date symlink: /home/appfre/appfre_ws/install/bunker_msgs/local/lib/python3.10/dist-packages/bunker_msgs/bunker_msgs_s__rosidl_typesupport_fastrtps_c.cpython-310-x86_64-linux-gnu.so
-- Up-to-date symlink: /home/appfre/appfre_ws/install/bunker_msgs/local/lib/python3.10/dist-packages/bunker_msgs/bunker_msgs_s__rosidl_typesupport_introspection_c.cpython-310-x86_64-linux-gnu.so
-- Up-to-date symlink: /home/appfre/appfre_ws/install/bunker_msgs/local/lib/python3.10/dist-packages/bunker_msgs/bunker_msgs_s__rosidl_typesupport_c.cpython-310-x86_64-linux-gnu.so
-- Symlinking: /home/appfre/appfre_ws/install/bunker_msgs/share/bunker_msgs/msg/BunkerActuatorState.idl
-- Symlinking: /home/appfre/appfre_ws/install/bunker_msgs/share/bunker_msgs/msg/BunkerRCState.idl
-- Symlinking: /home/appfre/appfre_ws/install/bunker_msgs/share/bunker_msgs/msg/BunkerStatus.idl
-- Symlinking: /home/appfre/appfre_ws/install/bunker_msgs/share/bunker_msgs/msg/BunkerActuatorState.msg
-- Symlinking: /home/appfre/appfre_ws/install/bunker_msgs/share/bunker_msgs/msg/BunkerRCState.msg
-- Symlinking: /home/appfre/appfre_ws/install/bunker_msgs/share/bunker_msgs/msg/BunkerStatus.msg
-- Symlinking: /home/appfre/appfre_ws/install/bunker_msgs/share/ament_index/resource_index/package_run_dependencies/bunker_msgs
-- Symlinking: /home/appfre/appfre_ws/install/bunker_msgs/share/ament_index/resource_index/parent_prefix_path/bunker_msgs
-- Symlinking: /home/appfre/appfre_ws/install/bunker_msgs/share/bunker_msgs/environment/ament_prefix_path.sh
-- Symlinking: /home/appfre/appfre_ws/install/bunker_msgs/share/bunker_msgs/environment/ament_prefix_path.dsv
-- Symlinking: /home/appfre/appfre_ws/install/bunker_msgs/share/bunker_msgs/environment/path.sh
-- Symlinking: /home/appfre/appfre_ws/install/bunker_msgs/share/bunker_msgs/environment/path.dsv
-- Symlinking: /home/appfre/appfre_ws/install/bunker_msgs/share/bunker_msgs/local_setup.bash
-- Symlinking: /home/appfre/appfre_ws/install/bunker_msgs/share/bunker_msgs/local_setup.sh
-- Symlinking: /home/appfre/appfre_ws/install/bunker_msgs/share/bunker_msgs/local_setup.zsh
-- Symlinking: /home/appfre/appfre_ws/install/bunker_msgs/share/bunker_msgs/local_setup.dsv
-- Symlinking: /home/appfre/appfre_ws/install/bunker_msgs/share/bunker_msgs/package.dsv
-- Symlinking: /home/appfre/appfre_ws/install/bunker_msgs/share/ament_index/resource_index/packages/bunker_msgs
-- Symlinking: /home/appfre/appfre_ws/install/bunker_msgs/share/bunker_msgs/cmake/rosidl_cmake-extras.cmake
-- Symlinking: /home/appfre/appfre_ws/install/bunker_msgs/share/bunker_msgs/cmake/ament_cmake_export_dependencies-extras.cmake
-- Symlinking: /home/appfre/appfre_ws/install/bunker_msgs/share/bunker_msgs/cmake/ament_cmake_export_include_directories-extras.cmake
-- Symlinking: /home/appfre/appfre_ws/install/bunker_msgs/share/bunker_msgs/cmake/ament_cmake_export_libraries-extras.cmake
-- Symlinking: /home/appfre/appfre_ws/install/bunker_msgs/share/bunker_msgs/cmake/ament_cmake_export_targets-extras.cmake
-- Symlinking: /home/appfre/appfre_ws/install/bunker_msgs/share/bunker_msgs/cmake/rosidl_cmake_export_typesupport_targets-extras.cmake
-- Symlinking: /home/appfre/appfre_ws/install/bunker_msgs/share/bunker_msgs/cmake/rosidl_cmake_export_typesupport_libraries-extras.cmake
-- Symlinking: /home/appfre/appfre_ws/install/bunker_msgs/share/bunker_msgs/cmake/bunker_msgsConfig.cmake
-- Symlinking: /home/appfre/appfre_ws/install/bunker_msgs/share/bunker_msgs/cmake/bunker_msgsConfig-version.cmake
-- Symlinking: /home/appfre/appfre_ws/install/bunker_msgs/share/bunker_msgs/package.xml
-- Installing: /home/appfre/appfre_ws/install/bunker_msgs/lib/libbunker_msgs__rosidl_generator_c.so
-- Set runtime path of "/home/appfre/appfre_ws/install/bunker_msgs/lib/libbunker_msgs__rosidl_generator_c.so" to ""
-- Installing: /home/appfre/appfre_ws/install/bunker_msgs/lib/libbunker_msgs__rosidl_typesupport_fastrtps_c.so
-- Set runtime path of "/home/appfre/appfre_ws/install/bunker_msgs/lib/libbunker_msgs__rosidl_typesupport_fastrtps_c.so" to ""
-- Installing: /home/appfre/appfre_ws/install/bunker_msgs/lib/libbunker_msgs__rosidl_typesupport_fastrtps_cpp.so
-- Set runtime path of "/home/appfre/appfre_ws/install/bunker_msgs/lib/libbunker_msgs__rosidl_typesupport_fastrtps_cpp.so" to ""
-- Installing: /home/appfre/appfre_ws/install/bunker_msgs/lib/libbunker_msgs__rosidl_typesupport_introspection_c.so
-- Set runtime path of "/home/appfre/appfre_ws/install/bunker_msgs/lib/libbunker_msgs__rosidl_typesupport_introspection_c.so" to ""
-- Installing: /home/appfre/appfre_ws/install/bunker_msgs/lib/libbunker_msgs__rosidl_typesupport_c.so
-- Set runtime path of "/home/appfre/appfre_ws/install/bunker_msgs/lib/libbunker_msgs__rosidl_typesupport_c.so" to ""
-- Installing: /home/appfre/appfre_ws/install/bunker_msgs/lib/libbunker_msgs__rosidl_typesupport_introspection_cpp.so
-- Set runtime path of "/home/appfre/appfre_ws/install/bunker_msgs/lib/libbunker_msgs__rosidl_typesupport_introspection_cpp.so" to ""
-- Installing: /home/appfre/appfre_ws/install/bunker_msgs/lib/libbunker_msgs__rosidl_typesupport_cpp.so
-- Set runtime path of "/home/appfre/appfre_ws/install/bunker_msgs/lib/libbunker_msgs__rosidl_typesupport_cpp.so" to ""
Listing '/home/appfre/appfre_ws/install/bunker_msgs/local/lib/python3.10/dist-packages/bunker_msgs'...
Compiling '/home/appfre/appfre_ws/install/bunker_msgs/local/lib/python3.10/dist-packages/bunker_msgs/__init__.py'...
Listing '/home/appfre/appfre_ws/install/bunker_msgs/local/lib/python3.10/dist-packages/bunker_msgs/msg'...
Compiling '/home/appfre/appfre_ws/install/bunker_msgs/local/lib/python3.10/dist-packages/bunker_msgs/msg/__init__.py'...
Compiling '/home/appfre/appfre_ws/install/bunker_msgs/local/lib/python3.10/dist-packages/bunker_msgs/msg/_bunker_actuator_state.py'...
Compiling '/home/appfre/appfre_ws/install/bunker_msgs/local/lib/python3.10/dist-packages/bunker_msgs/msg/_bunker_rc_state.py'...
Compiling '/home/appfre/appfre_ws/install/bunker_msgs/local/lib/python3.10/dist-packages/bunker_msgs/msg/_bunker_status.py'...
-- Installing: /home/appfre/appfre_ws/install/bunker_msgs/lib/libbunker_msgs__rosidl_generator_py.so
-- Set runtime path of "/home/appfre/appfre_ws/install/bunker_msgs/lib/libbunker_msgs__rosidl_generator_py.so" to ""
-- Installing: /home/appfre/appfre_ws/install/bunker_msgs/share/bunker_msgs/cmake/export_bunker_msgs__rosidl_generator_cExport.cmake
-- Installing: /home/appfre/appfre_ws/install/bunker_msgs/share/bunker_msgs/cmake/export_bunker_msgs__rosidl_generator_cExport-noconfig.cmake
-- Installing: /home/appfre/appfre_ws/install/bunker_msgs/share/bunker_msgs/cmake/export_bunker_msgs__rosidl_typesupport_fastrtps_cExport.cmake
-- Installing: /home/appfre/appfre_ws/install/bunker_msgs/share/bunker_msgs/cmake/export_bunker_msgs__rosidl_typesupport_fastrtps_cExport-noconfig.cmake
-- Installing: /home/appfre/appfre_ws/install/bunker_msgs/share/bunker_msgs/cmake/export_bunker_msgs__rosidl_generator_cppExport.cmake
-- Installing: /home/appfre/appfre_ws/install/bunker_msgs/share/bunker_msgs/cmake/export_bunker_msgs__rosidl_typesupport_fastrtps_cppExport.cmake
-- Installing: /home/appfre/appfre_ws/install/bunker_msgs/share/bunker_msgs/cmake/export_bunker_msgs__rosidl_typesupport_fastrtps_cppExport-noconfig.cmake
-- Installing: /home/appfre/appfre_ws/install/bunker_msgs/share/bunker_msgs/cmake/bunker_msgs__rosidl_typesupport_introspection_cExport.cmake
-- Installing: /home/appfre/appfre_ws/install/bunker_msgs/share/bunker_msgs/cmake/bunker_msgs__rosidl_typesupport_introspection_cExport-noconfig.cmake
-- Installing: /home/appfre/appfre_ws/install/bunker_msgs/share/bunker_msgs/cmake/bunker_msgs__rosidl_typesupport_cExport.cmake
-- Installing: /home/appfre/appfre_ws/install/bunker_msgs/share/bunker_msgs/cmake/bunker_msgs__rosidl_typesupport_cExport-noconfig.cmake
-- Installing: /home/appfre/appfre_ws/install/bunker_msgs/share/bunker_msgs/cmake/bunker_msgs__rosidl_typesupport_introspection_cppExport.cmake
-- Installing: /home/appfre/appfre_ws/install/bunker_msgs/share/bunker_msgs/cmake/bunker_msgs__rosidl_typesupport_introspection_cppExport-noconfig.cmake
-- Installing: /home/appfre/appfre_ws/install/bunker_msgs/share/bunker_msgs/cmake/bunker_msgs__rosidl_typesupport_cppExport.cmake
-- Installing: /home/appfre/appfre_ws/install/bunker_msgs/share/bunker_msgs/cmake/bunker_msgs__rosidl_typesupport_cppExport-noconfig.cmake
-- Installing: /home/appfre/appfre_ws/install/bunker_msgs/share/bunker_msgs/cmake/export_bunker_msgs__rosidl_generator_pyExport.cmake
-- Installing: /home/appfre/appfre_ws/install/bunker_msgs/share/bunker_msgs/cmake/export_bunker_msgs__rosidl_generator_pyExport-noconfig.cmake
