[0.057s] Invoking command in '/home/appfre/appfre_ws/build/radiacode': CMAKE_PREFIX_PATH=/opt/ros/humble /usr/bin/cmake --build /home/appfre/appfre_ws/build/radiacode -- -j8 -l8
[0.106s] Invoked command in '/home/appfre/appfre_ws/build/radiacode' returned '0': CMAKE_PREFIX_PATH=/opt/ros/humble /usr/bin/cmake --build /home/appfre/appfre_ws/build/radiacode -- -j8 -l8
[0.156s] Invoking command in '/home/appfre/appfre_ws/build/radiacode': CMAKE_PREFIX_PATH=/opt/ros/humble /usr/bin/cmake --install /home/appfre/appfre_ws/build/radiacode
[0.166s] -- Install configuration: ""
[0.166s] -- Execute custom install script
[0.167s] -- Up-to-date symlink: /home/appfre/appfre_ws/install/radiacode/share/ament_index/resource_index/package_run_dependencies/radiacode
[0.167s] -- Up-to-date symlink: /home/appfre/appfre_ws/install/radiacode/share/ament_index/resource_index/parent_prefix_path/radiacode
[0.167s] -- Up-to-date symlink: /home/appfre/appfre_ws/install/radiacode/share/radiacode/environment/ament_prefix_path.sh
[0.167s] -- Up-to-date symlink: /home/appfre/appfre_ws/install/radiacode/share/radiacode/environment/ament_prefix_path.dsv
[0.168s] -- Up-to-date symlink: /home/appfre/appfre_ws/install/radiacode/share/radiacode/environment/path.sh
[0.168s] -- Up-to-date symlink: /home/appfre/appfre_ws/install/radiacode/share/radiacode/environment/path.dsv
[0.168s] -- Up-to-date symlink: /home/appfre/appfre_ws/install/radiacode/share/radiacode/local_setup.bash
[0.168s] -- Up-to-date symlink: /home/appfre/appfre_ws/install/radiacode/share/radiacode/local_setup.sh
[0.169s] -- Up-to-date symlink: /home/appfre/appfre_ws/install/radiacode/share/radiacode/local_setup.zsh
[0.169s] -- Up-to-date symlink: /home/appfre/appfre_ws/install/radiacode/share/radiacode/local_setup.dsv
[0.169s] -- Symlinking: /home/appfre/appfre_ws/install/radiacode/share/radiacode/package.dsv
[0.181s] -- Up-to-date symlink: /home/appfre/appfre_ws/install/radiacode/share/ament_index/resource_index/packages/radiacode
[0.181s] -- Up-to-date symlink: /home/appfre/appfre_ws/install/radiacode/share/radiacode/cmake/radiacodeConfig.cmake
[0.182s] -- Up-to-date symlink: /home/appfre/appfre_ws/install/radiacode/share/radiacode/cmake/radiacodeConfig-version.cmake
[0.182s] -- Up-to-date symlink: /home/appfre/appfre_ws/install/radiacode/share/radiacode/package.xml
[0.296s] Invoked command in '/home/appfre/appfre_ws/build/radiacode' returned '0': CMAKE_PREFIX_PATH=/opt/ros/humble /usr/bin/cmake --install /home/appfre/appfre_ws/build/radiacode
