[0.138s] Invoking command in '/home/appfre/appfre_ws/build/ugv_sdk': /usr/bin/cmake --build /home/appfre/appfre_ws/build/ugv_sdk -- -j8 -l8
[0.158s] -- Build package with cmake
[0.158s] -- Tests will not be built
[0.162s] -- Project will be installed to /home/appfre/appfre_ws/install/ugv_sdk with 'make install'
[0.163s] --  - To install LIB components to /home/appfre/appfre_ws/install/ugv_sdk/lib
[0.163s] --  - To install BIN components to /home/appfre/appfre_ws/install/ugv_sdk/bin
[0.163s] --  - To install INCLUDE components to /home/appfre/appfre_ws/install/ugv_sdk/include
[0.163s] --  - To install CMAKE components to /home/appfre/appfre_ws/install/ugv_sdk/share/cmake/ugv_sdk
[0.174s] -- Configuring done
[0.205s] -- Generating done
[0.209s] -- Build files have been written to: /home/appfre/appfre_ws/build/ugv_sdk
[0.253s] [35m[1mConsolidate compiler generated dependencies of target ugv_sdk[0m
[0.315s] [ 40%] Built target ugv_sdk
[0.320s] [35m[1mConsolidate compiler generated dependencies of target demo_scout_robot[0m
[0.321s] [35m[1mConsolidate compiler generated dependencies of target demo_scout_mini_omni_robot[0m
[0.321s] [35m[1mConsolidate compiler generated dependencies of target demo_ranger_robot[0m
[0.321s] [35m[1mConsolidate compiler generated dependencies of target demo_bunker_robot[0m
[0.327s] [35m[1mConsolidate compiler generated dependencies of target demo_tracer_robot[0m
[0.339s] [35m[1mConsolidate compiler generated dependencies of target demo_hunter_robot[0m
[0.359s] [ 48%] Built target demo_bunker_robot
[0.359s] [35m[1mConsolidate compiler generated dependencies of target demo_protocol_detector[0m
[0.371s] [ 55%] Built target demo_scout_robot
[0.378s] [ 62%] Built target demo_scout_mini_omni_robot
[0.381s] [ 70%] Built target demo_ranger_robot
[0.388s] [ 77%] Built target demo_hunter_robot
[0.390s] [ 85%] Built target demo_tracer_robot
[0.392s] [ 92%] Built target demo_protocol_detector
[0.393s] [35m[1mConsolidate compiler generated dependencies of target demo_robot_version[0m
[0.413s] [100%] Built target demo_robot_version
[0.508s] Invoked command in '/home/appfre/appfre_ws/build/ugv_sdk' returned '0': /usr/bin/cmake --build /home/appfre/appfre_ws/build/ugv_sdk -- -j8 -l8
[0.622s] Invoking command in '/home/appfre/appfre_ws/build/ugv_sdk': /usr/bin/cmake --install /home/appfre/appfre_ws/build/ugv_sdk
[0.629s] -- Install configuration: "Release"
[0.629s] -- Up-to-date: /home/appfre/appfre_ws/install/ugv_sdk/lib/libugv_sdk.a
[0.629s] -- Up-to-date: /home/appfre/appfre_ws/install/ugv_sdk/include/ugv_sdk
[0.629s] -- Up-to-date: /home/appfre/appfre_ws/install/ugv_sdk/include/ugv_sdk/details
[0.630s] -- Up-to-date: /home/appfre/appfre_ws/install/ugv_sdk/include/ugv_sdk/details/robot_base
[0.630s] -- Up-to-date: /home/appfre/appfre_ws/install/ugv_sdk/include/ugv_sdk/details/robot_base/hunter_base.hpp
[0.630s] -- Up-to-date: /home/appfre/appfre_ws/install/ugv_sdk/include/ugv_sdk/details/robot_base/agilex_base.hpp
[0.630s] -- Up-to-date: /home/appfre/appfre_ws/install/ugv_sdk/include/ugv_sdk/details/robot_base/scout_base.hpp
[0.630s] -- Up-to-date: /home/appfre/appfre_ws/install/ugv_sdk/include/ugv_sdk/details/robot_base/ranger_base.hpp
[0.630s] -- Up-to-date: /home/appfre/appfre_ws/install/ugv_sdk/include/ugv_sdk/details/robot_base/tracer_base.hpp
[0.630s] -- Up-to-date: /home/appfre/appfre_ws/install/ugv_sdk/include/ugv_sdk/details/robot_base/bunker_base.hpp
[0.630s] -- Up-to-date: /home/appfre/appfre_ws/install/ugv_sdk/include/ugv_sdk/details/parser_base.hpp
[0.630s] -- Up-to-date: /home/appfre/appfre_ws/install/ugv_sdk/include/ugv_sdk/details/protocol_v1
[0.631s] -- Up-to-date: /home/appfre/appfre_ws/install/ugv_sdk/include/ugv_sdk/details/protocol_v1/robot_limits.hpp
[0.631s] -- Up-to-date: /home/appfre/appfre_ws/install/ugv_sdk/include/ugv_sdk/details/protocol_v1/protocol_v1_parser.hpp
[0.631s] -- Up-to-date: /home/appfre/appfre_ws/install/ugv_sdk/include/ugv_sdk/details/protocol_v1/agilex_msg_parser_v1.h
[0.631s] -- Up-to-date: /home/appfre/appfre_ws/install/ugv_sdk/include/ugv_sdk/details/interface
[0.631s] -- Up-to-date: /home/appfre/appfre_ws/install/ugv_sdk/include/ugv_sdk/details/interface/agilex_types.h
[0.632s] -- Up-to-date: /home/appfre/appfre_ws/install/ugv_sdk/include/ugv_sdk/details/interface/tracer_interface.hpp
[0.632s] -- Up-to-date: /home/appfre/appfre_ws/install/ugv_sdk/include/ugv_sdk/details/interface/hunter_interface.hpp
[0.633s] -- Up-to-date: /home/appfre/appfre_ws/install/ugv_sdk/include/ugv_sdk/details/interface/bunker_interface.hpp
[0.633s] -- Up-to-date: /home/appfre/appfre_ws/install/ugv_sdk/include/ugv_sdk/details/interface/agilex_message.h
[0.633s] -- Up-to-date: /home/appfre/appfre_ws/install/ugv_sdk/include/ugv_sdk/details/interface/ranger_interface.hpp
[0.634s] -- Up-to-date: /home/appfre/appfre_ws/install/ugv_sdk/include/ugv_sdk/details/interface/scout_interface.hpp
[0.634s] -- Up-to-date: /home/appfre/appfre_ws/install/ugv_sdk/include/ugv_sdk/details/interface/robot_common_interface.hpp
[0.634s] -- Up-to-date: /home/appfre/appfre_ws/install/ugv_sdk/include/ugv_sdk/details/protocol_v2
[0.634s] -- Up-to-date: /home/appfre/appfre_ws/install/ugv_sdk/include/ugv_sdk/details/protocol_v2/protocol_v2_parser.hpp
[0.634s] -- Up-to-date: /home/appfre/appfre_ws/install/ugv_sdk/include/ugv_sdk/details/async_port
[0.634s] -- Up-to-date: /home/appfre/appfre_ws/install/ugv_sdk/include/ugv_sdk/details/async_port/async_serial.hpp
[0.634s] -- Up-to-date: /home/appfre/appfre_ws/install/ugv_sdk/include/ugv_sdk/details/async_port/ring_buffer.hpp
[0.634s] -- Up-to-date: /home/appfre/appfre_ws/install/ugv_sdk/include/ugv_sdk/details/async_port/async_can.hpp
[0.634s] -- Up-to-date: /home/appfre/appfre_ws/install/ugv_sdk/include/ugv_sdk/utilities
[0.635s] -- Up-to-date: /home/appfre/appfre_ws/install/ugv_sdk/include/ugv_sdk/utilities/protocol_detector.hpp
[0.635s] -- Up-to-date: /home/appfre/appfre_ws/install/ugv_sdk/include/ugv_sdk/mobile_robot
[0.635s] -- Up-to-date: /home/appfre/appfre_ws/install/ugv_sdk/include/ugv_sdk/mobile_robot/hunter_robot.hpp
[0.635s] -- Up-to-date: /home/appfre/appfre_ws/install/ugv_sdk/include/ugv_sdk/mobile_robot/ranger_robot.hpp
[0.635s] -- Up-to-date: /home/appfre/appfre_ws/install/ugv_sdk/include/ugv_sdk/mobile_robot/bunker_robot.hpp
[0.635s] -- Up-to-date: /home/appfre/appfre_ws/install/ugv_sdk/include/ugv_sdk/mobile_robot/scout_robot.hpp
[0.635s] -- Up-to-date: /home/appfre/appfre_ws/install/ugv_sdk/include/ugv_sdk/mobile_robot/tracer_robot.hpp
[0.635s] -- Up-to-date: /home/appfre/appfre_ws/install/ugv_sdk/lib/cmake/ugv_sdk/ugv_sdkTargets.cmake
[0.636s] -- Up-to-date: /home/appfre/appfre_ws/install/ugv_sdk/lib/cmake/ugv_sdk/ugv_sdkTargets-release.cmake
[0.636s] -- Up-to-date: /home/appfre/appfre_ws/install/ugv_sdk/lib/cmake/ugv_sdk/ugv_sdkConfig.cmake
[0.636s] -- Up-to-date: /home/appfre/appfre_ws/install/ugv_sdk/lib/cmake/ugv_sdk/ugv_sdkConfigVersion.cmake
[0.636s] Invoked command in '/home/appfre/appfre_ws/build/ugv_sdk' returned '0': /usr/bin/cmake --install /home/appfre/appfre_ws/build/ugv_sdk
