-- Found ament_cmake: 1.3.7 (/opt/ros/humble/share/ament_cmake/cmake)
-- Override CMake install command with custom implementation using symlinks instead of copying resources
-- Found ament_lint_auto: 0.12.10 (/opt/ros/humble/share/ament_lint_auto/cmake)
-- Added test 'flake8' to check Python code syntax and style conventions
-- Added test 'lint_cmake' to check CMake code style
-- Added test 'pep257' to check Python code against some of the docstring style conventions in PEP 257
-- Added test 'xmllint' to check XML markup files
-- Configuring done
-- Generating done
-- Build files have been written to: /home/appfre/appfre_ws/build/radiacode
-- Install configuration: ""
-- Execute custom install script
-- Up-to-date symlink: /home/appfre/appfre_ws/install/radiacode/share/ament_index/resource_index/package_run_dependencies/radiacode
-- Up-to-date symlink: /home/appfre/appfre_ws/install/radiacode/share/ament_index/resource_index/parent_prefix_path/radiacode
-- Up-to-date symlink: /home/appfre/appfre_ws/install/radiacode/share/radiacode/environment/ament_prefix_path.sh
-- Up-to-date symlink: /home/appfre/appfre_ws/install/radiacode/share/radiacode/environment/ament_prefix_path.dsv
-- Up-to-date symlink: /home/appfre/appfre_ws/install/radiacode/share/radiacode/environment/path.sh
-- Up-to-date symlink: /home/appfre/appfre_ws/install/radiacode/share/radiacode/environment/path.dsv
-- Up-to-date symlink: /home/appfre/appfre_ws/install/radiacode/share/radiacode/local_setup.bash
-- Up-to-date symlink: /home/appfre/appfre_ws/install/radiacode/share/radiacode/local_setup.sh
-- Up-to-date symlink: /home/appfre/appfre_ws/install/radiacode/share/radiacode/local_setup.zsh
-- Up-to-date symlink: /home/appfre/appfre_ws/install/radiacode/share/radiacode/local_setup.dsv
-- Symlinking: /home/appfre/appfre_ws/install/radiacode/share/radiacode/package.dsv
-- Up-to-date symlink: /home/appfre/appfre_ws/install/radiacode/share/ament_index/resource_index/packages/radiacode
-- Up-to-date symlink: /home/appfre/appfre_ws/install/radiacode/share/radiacode/cmake/radiacodeConfig.cmake
-- Up-to-date symlink: /home/appfre/appfre_ws/install/radiacode/share/radiacode/cmake/radiacodeConfig-version.cmake
-- Up-to-date symlink: /home/appfre/appfre_ws/install/radiacode/share/radiacode/package.xml
