[0.067s] Invoking command in '/home/b31pc18/appfre_ws/build/bunker_mini': CMAKE_PREFIX_PATH=${CMAKE_PREFIX_PATH}:/opt/ros/humble /usr/bin/cmake --build /home/b31pc18/appfre_ws/build/bunker_mini -- -j4 -l4
[0.085s] -- Found ament_cmake: 1.3.6 (/opt/ros/humble/share/ament_cmake/cmake)
[0.201s] -- Override CMake install command with custom implementation using symlinks instead of copying resources
[0.207s] -- Found ament_lint_auto: 0.12.9 (/opt/ros/humble/share/ament_lint_auto/cmake)
[0.270s] -- Added test 'copyright' to check source files copyright and LICENSE
[0.274s] -- Added test 'flake8' to check Python code syntax and style conventions
[0.274s] -- Added test 'lint_cmake' to check CMake code style
[0.275s] -- Added test 'pep257' to check Python code against some of the docstring style conventions in PEP 257
[0.277s] -- Added test 'xmllint' to check XML markup files
[0.278s] -- Configuring done
[0.280s] -- Generating done
[0.281s] -- Build files have been written to: /home/b31pc18/appfre_ws/build/bunker_mini
[0.298s] Invoked command in '/home/b31pc18/appfre_ws/build/bunker_mini' returned '0': CMAKE_PREFIX_PATH=${CMAKE_PREFIX_PATH}:/opt/ros/humble /usr/bin/cmake --build /home/b31pc18/appfre_ws/build/bunker_mini -- -j4 -l4
[0.325s] Invoking command in '/home/b31pc18/appfre_ws/build/bunker_mini': CMAKE_PREFIX_PATH=${CMAKE_PREFIX_PATH}:/opt/ros/humble /usr/bin/cmake --install /home/b31pc18/appfre_ws/build/bunker_mini
[0.332s] -- Install configuration: ""
[0.332s] -- Execute custom install script
[0.332s] -- Symlinking: /home/b31pc18/appfre_ws/install/bunker_mini/share/bunker_mini/new_costmap_layer.py
[0.340s] -- Up-to-date symlink: /home/b31pc18/appfre_ws/install/bunker_mini/share/ament_index/resource_index/package_run_dependencies/bunker_mini
[0.341s] -- Up-to-date symlink: /home/b31pc18/appfre_ws/install/bunker_mini/share/ament_index/resource_index/parent_prefix_path/bunker_mini
[0.341s] -- Up-to-date symlink: /home/b31pc18/appfre_ws/install/bunker_mini/share/bunker_mini/environment/ament_prefix_path.sh
[0.341s] -- Up-to-date symlink: /home/b31pc18/appfre_ws/install/bunker_mini/share/bunker_mini/environment/ament_prefix_path.dsv
[0.341s] -- Up-to-date symlink: /home/b31pc18/appfre_ws/install/bunker_mini/share/bunker_mini/environment/path.sh
[0.341s] -- Up-to-date symlink: /home/b31pc18/appfre_ws/install/bunker_mini/share/bunker_mini/environment/path.dsv
[0.341s] -- Up-to-date symlink: /home/b31pc18/appfre_ws/install/bunker_mini/share/bunker_mini/local_setup.bash
[0.341s] -- Up-to-date symlink: /home/b31pc18/appfre_ws/install/bunker_mini/share/bunker_mini/local_setup.sh
[0.341s] -- Up-to-date symlink: /home/b31pc18/appfre_ws/install/bunker_mini/share/bunker_mini/local_setup.zsh
[0.341s] -- Up-to-date symlink: /home/b31pc18/appfre_ws/install/bunker_mini/share/bunker_mini/local_setup.dsv
[0.342s] -- Symlinking: /home/b31pc18/appfre_ws/install/bunker_mini/share/bunker_mini/package.dsv
[0.349s] -- Up-to-date symlink: /home/b31pc18/appfre_ws/install/bunker_mini/share/ament_index/resource_index/packages/bunker_mini
[0.350s] -- Up-to-date symlink: /home/b31pc18/appfre_ws/install/bunker_mini/share/bunker_mini/cmake/bunker_miniConfig.cmake
[0.350s] -- Up-to-date symlink: /home/b31pc18/appfre_ws/install/bunker_mini/share/bunker_mini/cmake/bunker_miniConfig-version.cmake
[0.350s] -- Up-to-date symlink: /home/b31pc18/appfre_ws/install/bunker_mini/share/bunker_mini/package.xml
[0.350s] -- Up-to-date: /home/b31pc18/appfre_ws/install/bunker_mini/share/bunker_mini/config
[0.350s] -- Up-to-date: /home/b31pc18/appfre_ws/install/bunker_mini/share/bunker_mini/description
[0.350s] -- Up-to-date: /home/b31pc18/appfre_ws/install/bunker_mini/share/bunker_mini/launch
[0.350s] -- Up-to-date: /home/b31pc18/appfre_ws/install/bunker_mini/share/bunker_mini/worlds
[0.352s] Invoked command in '/home/b31pc18/appfre_ws/build/bunker_mini' returned '0': CMAKE_PREFIX_PATH=${CMAKE_PREFIX_PATH}:/opt/ros/humble /usr/bin/cmake --install /home/b31pc18/appfre_ws/build/bunker_mini
