[0.057s] Invoking command in '/home/b31pc18/appfre_ws/build/radiacode': CMAKE_PREFIX_PATH=/opt/ros/humble /usr/bin/cmake --build /home/b31pc18/appfre_ws/build/radiacode -- -j4 -l4
[0.088s] Invoked command in '/home/b31pc18/appfre_ws/build/radiacode' returned '0': CMAKE_PREFIX_PATH=/opt/ros/humble /usr/bin/cmake --build /home/b31pc18/appfre_ws/build/radiacode -- -j4 -l4
[0.116s] Invoking command in '/home/b31pc18/appfre_ws/build/radiacode': CMAKE_PREFIX_PATH=/opt/ros/humble /usr/bin/cmake --install /home/b31pc18/appfre_ws/build/radiacode
[0.122s] -- Install configuration: ""
[0.123s] -- Execute custom install script
[0.123s] -- Up-to-date symlink: /home/b31pc18/appfre_ws/install/radiacode/share/ament_index/resource_index/package_run_dependencies/radiacode
[0.123s] -- Up-to-date symlink: /home/b31pc18/appfre_ws/install/radiacode/share/ament_index/resource_index/parent_prefix_path/radiacode
[0.123s] -- Up-to-date symlink: /home/b31pc18/appfre_ws/install/radiacode/share/radiacode/environment/ament_prefix_path.sh
[0.123s] -- Up-to-date symlink: /home/b31pc18/appfre_ws/install/radiacode/share/radiacode/environment/ament_prefix_path.dsv
[0.123s] -- Up-to-date symlink: /home/b31pc18/appfre_ws/install/radiacode/share/radiacode/environment/path.sh
[0.124s] -- Up-to-date symlink: /home/b31pc18/appfre_ws/install/radiacode/share/radiacode/environment/path.dsv
[0.124s] -- Up-to-date symlink: /home/b31pc18/appfre_ws/install/radiacode/share/radiacode/local_setup.bash
[0.124s] -- Up-to-date symlink: /home/b31pc18/appfre_ws/install/radiacode/share/radiacode/local_setup.sh
[0.124s] -- Up-to-date symlink: /home/b31pc18/appfre_ws/install/radiacode/share/radiacode/local_setup.zsh
[0.124s] -- Up-to-date symlink: /home/b31pc18/appfre_ws/install/radiacode/share/radiacode/local_setup.dsv
[0.124s] -- Symlinking: /home/b31pc18/appfre_ws/install/radiacode/share/radiacode/package.dsv
[0.132s] -- Up-to-date symlink: /home/b31pc18/appfre_ws/install/radiacode/share/ament_index/resource_index/packages/radiacode
[0.132s] -- Up-to-date symlink: /home/b31pc18/appfre_ws/install/radiacode/share/radiacode/cmake/radiacodeConfig.cmake
[0.132s] -- Up-to-date symlink: /home/b31pc18/appfre_ws/install/radiacode/share/radiacode/cmake/radiacodeConfig-version.cmake
[0.132s] -- Up-to-date symlink: /home/b31pc18/appfre_ws/install/radiacode/share/radiacode/package.xml
[0.134s] Invoked command in '/home/b31pc18/appfre_ws/build/radiacode' returned '0': CMAKE_PREFIX_PATH=/opt/ros/humble /usr/bin/cmake --install /home/b31pc18/appfre_ws/build/radiacode
