[0.060s] Invoking command in '/home/b31pc18/appfre_ws/build/radiacode': CMAKE_PREFIX_PATH=/opt/ros/humble /usr/bin/cmake /home/b31pc18/appfre_ws/src/radiacode -DAMENT_CMAKE_SYMLINK_INSTALL=1 -DCMAKE_INSTALL_PREFIX=/home/b31pc18/appfre_ws/install/radiacode
[0.129s] -- The C compiler identification is GNU 11.4.0
[0.199s] -- The CXX compiler identification is GNU 11.4.0
[0.206s] -- Detecting C compiler ABI info
[0.274s] -- Detecting C compiler ABI info - done
[0.277s] -- Check for working C compiler: /usr/bin/cc - skipped
[0.277s] -- Detecting C compile features
[0.278s] -- Detecting C compile features - done
[0.281s] -- Detecting CXX compiler ABI info
[0.353s] -- Detecting CXX compiler ABI info - done
[0.360s] -- Check for working CXX compiler: /usr/bin/c++ - skipped
[0.360s] -- Detecting CXX compile features
[0.361s] -- Detecting CXX compile features - done
[0.363s] -- Found ament_cmake: 1.3.6 (/opt/ros/humble/share/ament_cmake/cmake)
[0.514s] -- Found Python3: /usr/bin/python3.10 (found version "3.10.12") found components: Interpreter 
[0.566s] -- Override CMake install command with custom implementation using symlinks instead of copying resources
[0.593s] -- Found ament_lint_auto: 0.12.9 (/opt/ros/humble/share/ament_lint_auto/cmake)
[0.661s] -- Added test 'flake8' to check Python code syntax and style conventions
[0.662s] -- Added test 'lint_cmake' to check CMake code style
[0.663s] -- Added test 'pep257' to check Python code against some of the docstring style conventions in PEP 257
[0.666s] -- Added test 'xmllint' to check XML markup files
[0.667s] -- Configuring done
[0.672s] -- Generating done
[0.672s] -- Build files have been written to: /home/b31pc18/appfre_ws/build/radiacode
[0.674s] Invoked command in '/home/b31pc18/appfre_ws/build/radiacode' returned '0': CMAKE_PREFIX_PATH=/opt/ros/humble /usr/bin/cmake /home/b31pc18/appfre_ws/src/radiacode -DAMENT_CMAKE_SYMLINK_INSTALL=1 -DCMAKE_INSTALL_PREFIX=/home/b31pc18/appfre_ws/install/radiacode
[0.675s] Invoking command in '/home/b31pc18/appfre_ws/build/radiacode': CMAKE_PREFIX_PATH=/opt/ros/humble /usr/bin/cmake --build /home/b31pc18/appfre_ws/build/radiacode -- -j4 -l4
[0.708s] Invoked command in '/home/b31pc18/appfre_ws/build/radiacode' returned '0': CMAKE_PREFIX_PATH=/opt/ros/humble /usr/bin/cmake --build /home/b31pc18/appfre_ws/build/radiacode -- -j4 -l4
[0.726s] Invoking command in '/home/b31pc18/appfre_ws/build/radiacode': CMAKE_PREFIX_PATH=/opt/ros/humble /usr/bin/cmake --install /home/b31pc18/appfre_ws/build/radiacode
[0.732s] -- Install configuration: ""
[0.733s] -- Execute custom install script
[0.733s] -- Symlinking: /home/b31pc18/appfre_ws/install/radiacode/share/ament_index/resource_index/package_run_dependencies/radiacode
[0.741s] -- Symlinking: /home/b31pc18/appfre_ws/install/radiacode/share/ament_index/resource_index/parent_prefix_path/radiacode
[0.748s] -- Symlinking: /home/b31pc18/appfre_ws/install/radiacode/share/radiacode/environment/ament_prefix_path.sh
[0.756s] -- Symlinking: /home/b31pc18/appfre_ws/install/radiacode/share/radiacode/environment/ament_prefix_path.dsv
[0.764s] -- Symlinking: /home/b31pc18/appfre_ws/install/radiacode/share/radiacode/environment/path.sh
[0.771s] -- Symlinking: /home/b31pc18/appfre_ws/install/radiacode/share/radiacode/environment/path.dsv
[0.779s] -- Symlinking: /home/b31pc18/appfre_ws/install/radiacode/share/radiacode/local_setup.bash
[0.787s] -- Symlinking: /home/b31pc18/appfre_ws/install/radiacode/share/radiacode/local_setup.sh
[0.794s] -- Symlinking: /home/b31pc18/appfre_ws/install/radiacode/share/radiacode/local_setup.zsh
[0.802s] -- Symlinking: /home/b31pc18/appfre_ws/install/radiacode/share/radiacode/local_setup.dsv
[0.809s] -- Symlinking: /home/b31pc18/appfre_ws/install/radiacode/share/radiacode/package.dsv
[0.817s] -- Symlinking: /home/b31pc18/appfre_ws/install/radiacode/share/ament_index/resource_index/packages/radiacode
[0.825s] -- Symlinking: /home/b31pc18/appfre_ws/install/radiacode/share/radiacode/cmake/radiacodeConfig.cmake
[0.832s] -- Symlinking: /home/b31pc18/appfre_ws/install/radiacode/share/radiacode/cmake/radiacodeConfig-version.cmake
[0.839s] -- Symlinking: /home/b31pc18/appfre_ws/install/radiacode/share/radiacode/package.xml
[0.848s] Invoked command in '/home/b31pc18/appfre_ws/build/radiacode' returned '0': CMAKE_PREFIX_PATH=/opt/ros/humble /usr/bin/cmake --install /home/b31pc18/appfre_ws/build/radiacode
