[1.036s] DEBUG:colcon:Command line arguments: ['/usr/bin/colcon', 'build', '--symlink-install']
[1.036s] DEBUG:colcon:Parsed command line arguments: Namespace(log_base=None, log_level=None, verb_name='build', build_base='build', install_base='install', merge_install=False, symlink_install=True, test_result_base=None, continue_on_error=False, executor='parallel', parallel_workers=4, event_handlers=None, ignore_user_meta=False, metas=['./colcon.meta'], base_paths=['.'], packages_ignore=None, packages_ignore_regex=None, paths=None, packages_up_to=None, packages_up_to_regex=None, packages_above=None, packages_above_and_dependencies=None, packages_above_depth=None, packages_select_by_dep=None, packages_skip_by_dep=None, packages_skip_up_to=None, packages_select_build_failed=False, packages_skip_build_finished=False, packages_select_test_failures=False, packages_skip_test_passed=False, packages_select=None, packages_skip=None, packages_select_regex=None, packages_skip_regex=None, packages_start=None, packages_end=None, allow_overriding=[], cmake_args=None, cmake_target=None, cmake_target_skip_unavailable=False, cmake_clean_cache=False, cmake_clean_first=False, cmake_force_configure=False, ament_cmake_args=None, catkin_cmake_args=None, catkin_skip_building_tests=False, verb_parser=<colcon_defaults.argument_parser.defaults.DefaultArgumentsDecorator object at 0x7f72cffd7ca0>, verb_extension=<colcon_core.verb.build.BuildVerb object at 0x7f72d05df190>, main=<bound method BuildVerb.main of <colcon_core.verb.build.BuildVerb object at 0x7f72d05df190>>)
[1.099s] Level 1:colcon.colcon_core.package_discovery:discover_packages(colcon_meta) check parameters
[1.099s] Level 1:colcon.colcon_core.package_discovery:discover_packages(recursive) check parameters
[1.099s] Level 1:colcon.colcon_core.package_discovery:discover_packages(ignore) check parameters
[1.099s] Level 1:colcon.colcon_core.package_discovery:discover_packages(path) check parameters
[1.099s] Level 1:colcon.colcon_core.package_discovery:discover_packages(colcon_meta) discover
[1.099s] Level 1:colcon.colcon_core.package_discovery:discover_packages(recursive) discover
[1.099s] INFO:colcon.colcon_core.package_discovery:Crawling recursively for packages in '/home/appfre/appfre_ws'
[1.099s] Level 1:colcon.colcon_core.package_identification:_identify(.) by extensions ['ignore', 'ignore_ament_install']
[1.099s] Level 1:colcon.colcon_core.package_identification:_identify(.) by extension 'ignore'
[1.099s] Level 1:colcon.colcon_core.package_identification:_identify(.) by extension 'ignore_ament_install'
[1.100s] Level 1:colcon.colcon_core.package_identification:_identify(.) by extensions ['colcon_pkg']
[1.100s] Level 1:colcon.colcon_core.package_identification:_identify(.) by extension 'colcon_pkg'
[1.100s] Level 1:colcon.colcon_core.package_identification:_identify(.) by extensions ['colcon_meta']
[1.100s] Level 1:colcon.colcon_core.package_identification:_identify(.) by extension 'colcon_meta'
[1.100s] Level 1:colcon.colcon_core.package_identification:_identify(.) by extensions ['ros']
[1.100s] Level 1:colcon.colcon_core.package_identification:_identify(.) by extension 'ros'
[1.108s] Level 1:colcon.colcon_core.package_identification:_identify(.) by extensions ['cmake', 'python']
[1.109s] Level 1:colcon.colcon_core.package_identification:_identify(.) by extension 'cmake'
[1.109s] Level 1:colcon.colcon_core.package_identification:_identify(.) by extension 'python'
[1.109s] Level 1:colcon.colcon_core.package_identification:_identify(.) by extensions ['python_setup_py']
[1.109s] Level 1:colcon.colcon_core.package_identification:_identify(.) by extension 'python_setup_py'
[1.109s] Level 1:colcon.colcon_core.package_identification:_identify(build) by extensions ['ignore', 'ignore_ament_install']
[1.109s] Level 1:colcon.colcon_core.package_identification:_identify(build) by extension 'ignore'
[1.109s] Level 1:colcon.colcon_core.package_identification:_identify(build) ignored
[1.109s] Level 1:colcon.colcon_core.package_identification:_identify(install) by extensions ['ignore', 'ignore_ament_install']
[1.109s] Level 1:colcon.colcon_core.package_identification:_identify(install) by extension 'ignore'
[1.109s] Level 1:colcon.colcon_core.package_identification:_identify(install) ignored
[1.109s] Level 1:colcon.colcon_core.package_identification:_identify(log) by extensions ['ignore', 'ignore_ament_install']
[1.109s] Level 1:colcon.colcon_core.package_identification:_identify(log) by extension 'ignore'
[1.110s] Level 1:colcon.colcon_core.package_identification:_identify(log) ignored
[1.110s] Level 1:colcon.colcon_core.package_identification:_identify(src) by extensions ['ignore', 'ignore_ament_install']
[1.110s] Level 1:colcon.colcon_core.package_identification:_identify(src) by extension 'ignore'
[1.110s] Level 1:colcon.colcon_core.package_identification:_identify(src) by extension 'ignore_ament_install'
[1.110s] Level 1:colcon.colcon_core.package_identification:_identify(src) by extensions ['colcon_pkg']
[1.110s] Level 1:colcon.colcon_core.package_identification:_identify(src) by extension 'colcon_pkg'
[1.110s] Level 1:colcon.colcon_core.package_identification:_identify(src) by extensions ['colcon_meta']
[1.110s] Level 1:colcon.colcon_core.package_identification:_identify(src) by extension 'colcon_meta'
[1.110s] Level 1:colcon.colcon_core.package_identification:_identify(src) by extensions ['ros']
[1.110s] Level 1:colcon.colcon_core.package_identification:_identify(src) by extension 'ros'
[1.110s] Level 1:colcon.colcon_core.package_identification:_identify(src) by extensions ['cmake', 'python']
[1.110s] Level 1:colcon.colcon_core.package_identification:_identify(src) by extension 'cmake'
[1.110s] Level 1:colcon.colcon_core.package_identification:_identify(src) by extension 'python'
[1.110s] Level 1:colcon.colcon_core.package_identification:_identify(src) by extensions ['python_setup_py']
[1.110s] Level 1:colcon.colcon_core.package_identification:_identify(src) by extension 'python_setup_py'
[1.110s] Level 1:colcon.colcon_core.package_identification:_identify(src/bunker_mini) by extensions ['ignore', 'ignore_ament_install']
[1.110s] Level 1:colcon.colcon_core.package_identification:_identify(src/bunker_mini) by extension 'ignore'
[1.111s] Level 1:colcon.colcon_core.package_identification:_identify(src/bunker_mini) by extension 'ignore_ament_install'
[1.111s] Level 1:colcon.colcon_core.package_identification:_identify(src/bunker_mini) by extensions ['colcon_pkg']
[1.111s] Level 1:colcon.colcon_core.package_identification:_identify(src/bunker_mini) by extension 'colcon_pkg'
[1.111s] Level 1:colcon.colcon_core.package_identification:_identify(src/bunker_mini) by extensions ['colcon_meta']
[1.111s] Level 1:colcon.colcon_core.package_identification:_identify(src/bunker_mini) by extension 'colcon_meta'
[1.111s] Level 1:colcon.colcon_core.package_identification:_identify(src/bunker_mini) by extensions ['ros']
[1.111s] Level 1:colcon.colcon_core.package_identification:_identify(src/bunker_mini) by extension 'ros'
[1.113s] DEBUG:colcon.colcon_core.package_identification:Package 'src/bunker_mini' with type 'ros.ament_cmake' and name 'bunker_mini'
[1.113s] Level 1:colcon.colcon_core.package_identification:_identify(src/radiacode) by extensions ['ignore', 'ignore_ament_install']
[1.114s] Level 1:colcon.colcon_core.package_identification:_identify(src/radiacode) by extension 'ignore'
[1.114s] Level 1:colcon.colcon_core.package_identification:_identify(src/radiacode) by extension 'ignore_ament_install'
[1.114s] Level 1:colcon.colcon_core.package_identification:_identify(src/radiacode) by extensions ['colcon_pkg']
[1.114s] Level 1:colcon.colcon_core.package_identification:_identify(src/radiacode) by extension 'colcon_pkg'
[1.114s] Level 1:colcon.colcon_core.package_identification:_identify(src/radiacode) by extensions ['colcon_meta']
[1.114s] Level 1:colcon.colcon_core.package_identification:_identify(src/radiacode) by extension 'colcon_meta'
[1.114s] Level 1:colcon.colcon_core.package_identification:_identify(src/radiacode) by extensions ['ros']
[1.114s] Level 1:colcon.colcon_core.package_identification:_identify(src/radiacode) by extension 'ros'
[1.114s] DEBUG:colcon.colcon_core.package_identification:Package 'src/radiacode' with type 'ros.ament_cmake' and name 'radiacode'
[1.114s] Level 1:colcon.colcon_core.package_discovery:discover_packages(recursive) using defaults
[1.114s] Level 1:colcon.colcon_core.package_discovery:discover_packages(ignore) discover
[1.114s] Level 1:colcon.colcon_core.package_discovery:discover_packages(ignore) using defaults
[1.114s] Level 1:colcon.colcon_core.package_discovery:discover_packages(path) discover
[1.115s] Level 1:colcon.colcon_core.package_discovery:discover_packages(path) using defaults
[1.211s] Level 1:colcon.colcon_core.package_discovery:discover_packages(prefix_path) check parameters
[1.211s] Level 1:colcon.colcon_core.package_discovery:discover_packages(prefix_path) discover
[1.246s] DEBUG:colcon.colcon_installed_package_information.package_discovery:Found 431 installed packages in /opt/ros/humble
[1.247s] Level 1:colcon.colcon_core.package_discovery:discover_packages(prefix_path) using defaults
[1.360s] Level 5:colcon.colcon_core.verb:set package 'bunker_mini' build argument 'cmake_args' from command line to 'None'
[1.360s] Level 5:colcon.colcon_core.verb:set package 'bunker_mini' build argument 'cmake_target' from command line to 'None'
[1.360s] Level 5:colcon.colcon_core.verb:set package 'bunker_mini' build argument 'cmake_target_skip_unavailable' from command line to 'False'
[1.360s] Level 5:colcon.colcon_core.verb:set package 'bunker_mini' build argument 'cmake_clean_cache' from command line to 'False'
[1.360s] Level 5:colcon.colcon_core.verb:set package 'bunker_mini' build argument 'cmake_clean_first' from command line to 'False'
[1.360s] Level 5:colcon.colcon_core.verb:set package 'bunker_mini' build argument 'cmake_force_configure' from command line to 'False'
[1.360s] Level 5:colcon.colcon_core.verb:set package 'bunker_mini' build argument 'ament_cmake_args' from command line to 'None'
[1.360s] Level 5:colcon.colcon_core.verb:set package 'bunker_mini' build argument 'catkin_cmake_args' from command line to 'None'
[1.360s] Level 5:colcon.colcon_core.verb:set package 'bunker_mini' build argument 'catkin_skip_building_tests' from command line to 'False'
[1.360s] DEBUG:colcon.colcon_core.verb:Building package 'bunker_mini' with the following arguments: {'ament_cmake_args': None, 'build_base': '/home/appfre/appfre_ws/build/bunker_mini', 'catkin_cmake_args': None, 'catkin_skip_building_tests': False, 'cmake_args': None, 'cmake_clean_cache': False, 'cmake_clean_first': False, 'cmake_force_configure': False, 'cmake_target': None, 'cmake_target_skip_unavailable': False, 'install_base': '/home/appfre/appfre_ws/install/bunker_mini', 'merge_install': False, 'path': '/home/appfre/appfre_ws/src/bunker_mini', 'symlink_install': True, 'test_result_base': None}
[1.377s] Level 5:colcon.colcon_core.verb:set package 'radiacode' build argument 'cmake_args' from command line to 'None'
[1.377s] Level 5:colcon.colcon_core.verb:set package 'radiacode' build argument 'cmake_target' from command line to 'None'
[1.377s] Level 5:colcon.colcon_core.verb:set package 'radiacode' build argument 'cmake_target_skip_unavailable' from command line to 'False'
[1.377s] Level 5:colcon.colcon_core.verb:set package 'radiacode' build argument 'cmake_clean_cache' from command line to 'False'
[1.377s] Level 5:colcon.colcon_core.verb:set package 'radiacode' build argument 'cmake_clean_first' from command line to 'False'
[1.377s] Level 5:colcon.colcon_core.verb:set package 'radiacode' build argument 'cmake_force_configure' from command line to 'False'
[1.377s] Level 5:colcon.colcon_core.verb:set package 'radiacode' build argument 'ament_cmake_args' from command line to 'None'
[1.377s] Level 5:colcon.colcon_core.verb:set package 'radiacode' build argument 'catkin_cmake_args' from command line to 'None'
[1.377s] Level 5:colcon.colcon_core.verb:set package 'radiacode' build argument 'catkin_skip_building_tests' from command line to 'False'
[1.377s] DEBUG:colcon.colcon_core.verb:Building package 'radiacode' with the following arguments: {'ament_cmake_args': None, 'build_base': '/home/appfre/appfre_ws/build/radiacode', 'catkin_cmake_args': None, 'catkin_skip_building_tests': False, 'cmake_args': None, 'cmake_clean_cache': False, 'cmake_clean_first': False, 'cmake_force_configure': False, 'cmake_target': None, 'cmake_target_skip_unavailable': False, 'install_base': '/home/appfre/appfre_ws/install/radiacode', 'merge_install': False, 'path': '/home/appfre/appfre_ws/src/radiacode', 'symlink_install': True, 'test_result_base': None}
[1.392s] INFO:colcon.colcon_core.executor:Executing jobs using 'parallel' executor
[1.409s] DEBUG:colcon.colcon_parallel_executor.executor.parallel:run_until_complete
[1.409s] INFO:colcon.colcon_ros.task.ament_cmake.build:Building ROS package in '/home/appfre/appfre_ws/src/bunker_mini' with build type 'ament_cmake'
[1.409s] INFO:colcon.colcon_cmake.task.cmake.build:Building CMake package in '/home/appfre/appfre_ws/src/bunker_mini'
[1.436s] INFO:colcon.colcon_core.plugin_system:Skipping extension 'colcon_core.shell.bat': Not used on non-Windows systems
[1.437s] INFO:colcon.colcon_core.shell:Skip shell extension 'powershell' for command environment: Not usable outside of PowerShell
[1.437s] DEBUG:colcon.colcon_core.shell:Skip shell extension 'dsv' for command environment
[1.471s] INFO:colcon.colcon_ros.task.ament_cmake.build:Building ROS package in '/home/appfre/appfre_ws/src/radiacode' with build type 'ament_cmake'
[1.471s] INFO:colcon.colcon_cmake.task.cmake.build:Building CMake package in '/home/appfre/appfre_ws/src/radiacode'
[1.488s] INFO:colcon.colcon_core.shell:Skip shell extension 'powershell' for command environment: Not usable outside of PowerShell
[1.488s] DEBUG:colcon.colcon_core.shell:Skip shell extension 'dsv' for command environment
[1.528s] DEBUG:colcon.colcon_core.event_handler.log_command:Invoking command in '/home/appfre/appfre_ws/build/bunker_mini': CMAKE_PREFIX_PATH=/opt/ros/humble /usr/bin/cmake --build /home/appfre/appfre_ws/build/bunker_mini -- -j4 -l4
[1.531s] DEBUG:colcon.colcon_core.event_handler.log_command:Invoking command in '/home/appfre/appfre_ws/build/radiacode': CMAKE_PREFIX_PATH=/opt/ros/humble /usr/bin/cmake /home/appfre/appfre_ws/src/radiacode -DAMENT_CMAKE_SYMLINK_INSTALL=1 -DCMAKE_INSTALL_PREFIX=/home/appfre/appfre_ws/install/radiacode
[1.794s] DEBUG:colcon.colcon_core.event_handler.log_command:Invoked command in '/home/appfre/appfre_ws/build/bunker_mini' returned '0': CMAKE_PREFIX_PATH=/opt/ros/humble /usr/bin/cmake --build /home/appfre/appfre_ws/build/bunker_mini -- -j4 -l4
[1.823s] DEBUG:colcon.colcon_core.event_handler.log_command:Invoking command in '/home/appfre/appfre_ws/build/bunker_mini': CMAKE_PREFIX_PATH=/opt/ros/humble /usr/bin/cmake --install /home/appfre/appfre_ws/build/bunker_mini
[1.853s] Level 1:colcon.colcon_core.environment:create_environment_scripts_only(bunker_mini)
[1.853s] DEBUG:colcon.colcon_core.event_handler.log_command:Invoked command in '/home/appfre/appfre_ws/build/bunker_mini' returned '0': CMAKE_PREFIX_PATH=/opt/ros/humble /usr/bin/cmake --install /home/appfre/appfre_ws/build/bunker_mini
[1.874s] Level 1:colcon.colcon_core.environment:checking '/home/appfre/appfre_ws/install/bunker_mini' for CMake module files
[1.874s] Level 1:colcon.colcon_core.environment:checking '/home/appfre/appfre_ws/install/bunker_mini' for CMake config files
[1.875s] Level 1:colcon.colcon_core.shell:create_environment_hook('bunker_mini', 'cmake_prefix_path')
[1.894s] INFO:colcon.colcon_core.shell:Creating environment hook '/home/appfre/appfre_ws/install/bunker_mini/share/bunker_mini/hook/cmake_prefix_path.ps1'
[1.895s] INFO:colcon.colcon_core.shell:Creating environment descriptor '/home/appfre/appfre_ws/install/bunker_mini/share/bunker_mini/hook/cmake_prefix_path.dsv'
[1.896s] INFO:colcon.colcon_core.shell:Creating environment hook '/home/appfre/appfre_ws/install/bunker_mini/share/bunker_mini/hook/cmake_prefix_path.sh'
[1.897s] Level 1:colcon.colcon_core.environment:checking '/home/appfre/appfre_ws/install/bunker_mini/bin'
[1.897s] Level 1:colcon.colcon_core.environment:checking '/home/appfre/appfre_ws/install/bunker_mini/lib/pkgconfig/bunker_mini.pc'
[1.897s] Level 1:colcon.colcon_core.environment:checking '/home/appfre/appfre_ws/install/bunker_mini/lib/python3.10/site-packages'
[1.897s] Level 1:colcon.colcon_core.environment:checking '/home/appfre/appfre_ws/install/bunker_mini/bin'
[1.915s] INFO:colcon.colcon_core.shell:Creating package script '/home/appfre/appfre_ws/install/bunker_mini/share/bunker_mini/package.ps1'
[1.916s] INFO:colcon.colcon_core.shell:Creating package descriptor '/home/appfre/appfre_ws/install/bunker_mini/share/bunker_mini/package.dsv'
[1.916s] INFO:colcon.colcon_core.shell:Creating package script '/home/appfre/appfre_ws/install/bunker_mini/share/bunker_mini/package.sh'
[1.917s] INFO:colcon.colcon_core.shell:Creating package script '/home/appfre/appfre_ws/install/bunker_mini/share/bunker_mini/package.bash'
[1.918s] INFO:colcon.colcon_core.shell:Creating package script '/home/appfre/appfre_ws/install/bunker_mini/share/bunker_mini/package.zsh'
[1.919s] Level 1:colcon.colcon_core.environment:create_file_with_runtime_dependencies(/home/appfre/appfre_ws/install/bunker_mini/share/colcon-core/packages/bunker_mini)
[1.956s] Level 1:colcon.colcon_core.environment:create_environment_scripts_only(bunker_mini)
[1.973s] Level 1:colcon.colcon_core.environment:checking '/home/appfre/appfre_ws/install/bunker_mini' for CMake module files
[1.973s] Level 1:colcon.colcon_core.environment:checking '/home/appfre/appfre_ws/install/bunker_mini' for CMake config files
[1.974s] Level 1:colcon.colcon_core.shell:create_environment_hook('bunker_mini', 'cmake_prefix_path')
[1.991s] INFO:colcon.colcon_core.shell:Creating environment hook '/home/appfre/appfre_ws/install/bunker_mini/share/bunker_mini/hook/cmake_prefix_path.ps1'
[1.991s] INFO:colcon.colcon_core.shell:Creating environment descriptor '/home/appfre/appfre_ws/install/bunker_mini/share/bunker_mini/hook/cmake_prefix_path.dsv'
[1.991s] INFO:colcon.colcon_core.shell:Creating environment hook '/home/appfre/appfre_ws/install/bunker_mini/share/bunker_mini/hook/cmake_prefix_path.sh'
[1.992s] Level 1:colcon.colcon_core.environment:checking '/home/appfre/appfre_ws/install/bunker_mini/bin'
[1.992s] Level 1:colcon.colcon_core.environment:checking '/home/appfre/appfre_ws/install/bunker_mini/lib/pkgconfig/bunker_mini.pc'
[1.992s] Level 1:colcon.colcon_core.environment:checking '/home/appfre/appfre_ws/install/bunker_mini/lib/python3.10/site-packages'
[1.992s] Level 1:colcon.colcon_core.environment:checking '/home/appfre/appfre_ws/install/bunker_mini/bin'
[2.009s] INFO:colcon.colcon_core.shell:Creating package script '/home/appfre/appfre_ws/install/bunker_mini/share/bunker_mini/package.ps1'
[2.009s] INFO:colcon.colcon_core.shell:Creating package descriptor '/home/appfre/appfre_ws/install/bunker_mini/share/bunker_mini/package.dsv'
[2.010s] INFO:colcon.colcon_core.shell:Creating package script '/home/appfre/appfre_ws/install/bunker_mini/share/bunker_mini/package.sh'
[2.010s] INFO:colcon.colcon_core.shell:Creating package script '/home/appfre/appfre_ws/install/bunker_mini/share/bunker_mini/package.bash'
[2.011s] INFO:colcon.colcon_core.shell:Creating package script '/home/appfre/appfre_ws/install/bunker_mini/share/bunker_mini/package.zsh'
[2.011s] Level 1:colcon.colcon_core.environment:create_file_with_runtime_dependencies(/home/appfre/appfre_ws/install/bunker_mini/share/colcon-core/packages/bunker_mini)
[2.145s] DEBUG:colcon.colcon_core.event_handler.log_command:Invoked command in '/home/appfre/appfre_ws/build/radiacode' returned '0': CMAKE_PREFIX_PATH=/opt/ros/humble /usr/bin/cmake /home/appfre/appfre_ws/src/radiacode -DAMENT_CMAKE_SYMLINK_INSTALL=1 -DCMAKE_INSTALL_PREFIX=/home/appfre/appfre_ws/install/radiacode
[2.147s] DEBUG:colcon.colcon_core.event_handler.log_command:Invoking command in '/home/appfre/appfre_ws/build/radiacode': CMAKE_PREFIX_PATH=/opt/ros/humble /usr/bin/cmake --build /home/appfre/appfre_ws/build/radiacode -- -j4 -l4
[2.179s] DEBUG:colcon.colcon_core.event_handler.log_command:Invoked command in '/home/appfre/appfre_ws/build/radiacode' returned '0': CMAKE_PREFIX_PATH=/opt/ros/humble /usr/bin/cmake --build /home/appfre/appfre_ws/build/radiacode -- -j4 -l4
[2.198s] DEBUG:colcon.colcon_core.event_handler.log_command:Invoking command in '/home/appfre/appfre_ws/build/radiacode': CMAKE_PREFIX_PATH=/opt/ros/humble /usr/bin/cmake --install /home/appfre/appfre_ws/build/radiacode
[2.319s] Level 1:colcon.colcon_core.environment:create_environment_scripts_only(radiacode)
[2.320s] DEBUG:colcon.colcon_core.event_handler.log_command:Invoked command in '/home/appfre/appfre_ws/build/radiacode' returned '0': CMAKE_PREFIX_PATH=/opt/ros/humble /usr/bin/cmake --install /home/appfre/appfre_ws/build/radiacode
[2.336s] Level 1:colcon.colcon_core.environment:checking '/home/appfre/appfre_ws/install/radiacode' for CMake module files
[2.336s] Level 1:colcon.colcon_core.environment:checking '/home/appfre/appfre_ws/install/radiacode' for CMake config files
[2.337s] Level 1:colcon.colcon_core.shell:create_environment_hook('radiacode', 'cmake_prefix_path')
[2.353s] INFO:colcon.colcon_core.shell:Creating environment hook '/home/appfre/appfre_ws/install/radiacode/share/radiacode/hook/cmake_prefix_path.ps1'
[2.353s] INFO:colcon.colcon_core.shell:Creating environment descriptor '/home/appfre/appfre_ws/install/radiacode/share/radiacode/hook/cmake_prefix_path.dsv'
[2.353s] INFO:colcon.colcon_core.shell:Creating environment hook '/home/appfre/appfre_ws/install/radiacode/share/radiacode/hook/cmake_prefix_path.sh'
[2.354s] Level 1:colcon.colcon_core.environment:checking '/home/appfre/appfre_ws/install/radiacode/bin'
[2.354s] Level 1:colcon.colcon_core.environment:checking '/home/appfre/appfre_ws/install/radiacode/lib/pkgconfig/radiacode.pc'
[2.354s] Level 1:colcon.colcon_core.environment:checking '/home/appfre/appfre_ws/install/radiacode/lib/python3.10/site-packages'
[2.354s] Level 1:colcon.colcon_core.environment:checking '/home/appfre/appfre_ws/install/radiacode/bin'
[2.370s] INFO:colcon.colcon_core.shell:Creating package script '/home/appfre/appfre_ws/install/radiacode/share/radiacode/package.ps1'
[2.371s] INFO:colcon.colcon_core.shell:Creating package descriptor '/home/appfre/appfre_ws/install/radiacode/share/radiacode/package.dsv'
[2.371s] INFO:colcon.colcon_core.shell:Creating package script '/home/appfre/appfre_ws/install/radiacode/share/radiacode/package.sh'
[2.371s] INFO:colcon.colcon_core.shell:Creating package script '/home/appfre/appfre_ws/install/radiacode/share/radiacode/package.bash'
[2.372s] INFO:colcon.colcon_core.shell:Creating package script '/home/appfre/appfre_ws/install/radiacode/share/radiacode/package.zsh'
[2.372s] Level 1:colcon.colcon_core.environment:create_file_with_runtime_dependencies(/home/appfre/appfre_ws/install/radiacode/share/colcon-core/packages/radiacode)
[2.416s] Level 1:colcon.colcon_core.environment:create_environment_scripts_only(radiacode)
[2.432s] Level 1:colcon.colcon_core.environment:checking '/home/appfre/appfre_ws/install/radiacode' for CMake module files
[2.432s] Level 1:colcon.colcon_core.environment:checking '/home/appfre/appfre_ws/install/radiacode' for CMake config files
[2.433s] Level 1:colcon.colcon_core.shell:create_environment_hook('radiacode', 'cmake_prefix_path')
[2.449s] INFO:colcon.colcon_core.shell:Creating environment hook '/home/appfre/appfre_ws/install/radiacode/share/radiacode/hook/cmake_prefix_path.ps1'
[2.449s] INFO:colcon.colcon_core.shell:Creating environment descriptor '/home/appfre/appfre_ws/install/radiacode/share/radiacode/hook/cmake_prefix_path.dsv'
[2.450s] INFO:colcon.colcon_core.shell:Creating environment hook '/home/appfre/appfre_ws/install/radiacode/share/radiacode/hook/cmake_prefix_path.sh'
[2.450s] Level 1:colcon.colcon_core.environment:checking '/home/appfre/appfre_ws/install/radiacode/bin'
[2.450s] Level 1:colcon.colcon_core.environment:checking '/home/appfre/appfre_ws/install/radiacode/lib/pkgconfig/radiacode.pc'
[2.450s] Level 1:colcon.colcon_core.environment:checking '/home/appfre/appfre_ws/install/radiacode/lib/python3.10/site-packages'
[2.450s] Level 1:colcon.colcon_core.environment:checking '/home/appfre/appfre_ws/install/radiacode/bin'
[2.467s] INFO:colcon.colcon_core.shell:Creating package script '/home/appfre/appfre_ws/install/radiacode/share/radiacode/package.ps1'
[2.467s] INFO:colcon.colcon_core.shell:Creating package descriptor '/home/appfre/appfre_ws/install/radiacode/share/radiacode/package.dsv'
[2.468s] INFO:colcon.colcon_core.shell:Creating package script '/home/appfre/appfre_ws/install/radiacode/share/radiacode/package.sh'
[2.468s] INFO:colcon.colcon_core.shell:Creating package script '/home/appfre/appfre_ws/install/radiacode/share/radiacode/package.bash'
[2.468s] INFO:colcon.colcon_core.shell:Creating package script '/home/appfre/appfre_ws/install/radiacode/share/radiacode/package.zsh'
[2.469s] Level 1:colcon.colcon_core.environment:create_file_with_runtime_dependencies(/home/appfre/appfre_ws/install/radiacode/share/colcon-core/packages/radiacode)
[2.469s] DEBUG:colcon.colcon_parallel_executor.executor.parallel:closing loop
[2.469s] DEBUG:colcon.colcon_parallel_executor.executor.parallel:loop closed
[2.469s] DEBUG:colcon.colcon_parallel_executor.executor.parallel:run_until_complete finished with '0'
[2.469s] DEBUG:colcon.colcon_core.event_reactor:joining thread
[2.491s] INFO:colcon.colcon_core.plugin_system:Skipping extension 'colcon_notification.desktop_notification.terminal_notifier': Not used on non-Darwin systems
[2.491s] INFO:colcon.colcon_core.plugin_system:Skipping extension 'colcon_notification.desktop_notification.win32': Not used on non-Windows systems
[2.491s] INFO:colcon.colcon_notification.desktop_notification:Sending desktop notification using 'notify2'
[2.506s] DEBUG:colcon.colcon_core.event_reactor:joined thread
[2.524s] INFO:colcon.colcon_core.shell:Creating prefix script '/home/appfre/appfre_ws/install/local_setup.ps1'
[2.524s] INFO:colcon.colcon_core.shell:Creating prefix util module '/home/appfre/appfre_ws/install/_local_setup_util_ps1.py'
[2.526s] INFO:colcon.colcon_core.shell:Creating prefix chain script '/home/appfre/appfre_ws/install/setup.ps1'
[2.543s] INFO:colcon.colcon_core.shell:Creating prefix script '/home/appfre/appfre_ws/install/local_setup.sh'
[2.544s] INFO:colcon.colcon_core.shell:Creating prefix util module '/home/appfre/appfre_ws/install/_local_setup_util_sh.py'
[2.544s] INFO:colcon.colcon_core.shell:Creating prefix chain script '/home/appfre/appfre_ws/install/setup.sh'
[2.562s] INFO:colcon.colcon_core.shell:Creating prefix script '/home/appfre/appfre_ws/install/local_setup.bash'
[2.562s] INFO:colcon.colcon_core.shell:Creating prefix chain script '/home/appfre/appfre_ws/install/setup.bash'
[2.579s] INFO:colcon.colcon_core.shell:Creating prefix script '/home/appfre/appfre_ws/install/local_setup.zsh'
[2.580s] INFO:colcon.colcon_core.shell:Creating prefix chain script '/home/appfre/appfre_ws/install/setup.zsh'
