[1.000s] DEBUG:colcon:Command line arguments: ['/usr/bin/colcon', 'build', '--symlink-install']
[1.000s] DEBUG:colcon:Parsed command line arguments: Namespace(log_base=None, log_level=None, verb_name='build', build_base='build', install_base='install', merge_install=False, symlink_install=True, test_result_base=None, continue_on_error=False, executor='parallel', parallel_workers=4, event_handlers=None, ignore_user_meta=False, metas=['./colcon.meta'], base_paths=['.'], packages_ignore=None, packages_ignore_regex=None, paths=None, packages_up_to=None, packages_up_to_regex=None, packages_above=None, packages_above_and_dependencies=None, packages_above_depth=None, packages_select_by_dep=None, packages_skip_by_dep=None, packages_skip_up_to=None, packages_select_build_failed=False, packages_skip_build_finished=False, packages_select_test_failures=False, packages_skip_test_passed=False, packages_select=None, packages_skip=None, packages_select_regex=None, packages_skip_regex=None, packages_start=None, packages_end=None, allow_overriding=[], cmake_args=None, cmake_target=None, cmake_target_skip_unavailable=False, cmake_clean_cache=False, cmake_clean_first=False, cmake_force_configure=False, ament_cmake_args=None, catkin_cmake_args=None, catkin_skip_building_tests=False, verb_parser=<colcon_defaults.argument_parser.defaults.DefaultArgumentsDecorator object at 0x7fc5fe0fcbb0>, verb_extension=<colcon_core.verb.build.BuildVerb object at 0x7fc5fe4cf160>, main=<bound method BuildVerb.main of <colcon_core.verb.build.BuildVerb object at 0x7fc5fe4cf160>>)
[1.045s] Level 1:colcon.colcon_core.package_discovery:discover_packages(colcon_meta) check parameters
[1.045s] Level 1:colcon.colcon_core.package_discovery:discover_packages(recursive) check parameters
[1.045s] Level 1:colcon.colcon_core.package_discovery:discover_packages(ignore) check parameters
[1.045s] Level 1:colcon.colcon_core.package_discovery:discover_packages(path) check parameters
[1.045s] Level 1:colcon.colcon_core.package_discovery:discover_packages(colcon_meta) discover
[1.045s] Level 1:colcon.colcon_core.package_discovery:discover_packages(recursive) discover
[1.045s] INFO:colcon.colcon_core.package_discovery:Crawling recursively for packages in '/home/b31pc18/appfre_ws'
[1.046s] Level 1:colcon.colcon_core.package_identification:_identify(.) by extensions ['ignore', 'ignore_ament_install']
[1.046s] Level 1:colcon.colcon_core.package_identification:_identify(.) by extension 'ignore'
[1.046s] Level 1:colcon.colcon_core.package_identification:_identify(.) by extension 'ignore_ament_install'
[1.046s] Level 1:colcon.colcon_core.package_identification:_identify(.) by extensions ['colcon_pkg']
[1.046s] Level 1:colcon.colcon_core.package_identification:_identify(.) by extension 'colcon_pkg'
[1.046s] Level 1:colcon.colcon_core.package_identification:_identify(.) by extensions ['colcon_meta']
[1.046s] Level 1:colcon.colcon_core.package_identification:_identify(.) by extension 'colcon_meta'
[1.046s] Level 1:colcon.colcon_core.package_identification:_identify(.) by extensions ['ros']
[1.046s] Level 1:colcon.colcon_core.package_identification:_identify(.) by extension 'ros'
[1.055s] Level 1:colcon.colcon_core.package_identification:_identify(.) by extensions ['cmake', 'python']
[1.055s] Level 1:colcon.colcon_core.package_identification:_identify(.) by extension 'cmake'
[1.055s] Level 1:colcon.colcon_core.package_identification:_identify(.) by extension 'python'
[1.055s] Level 1:colcon.colcon_core.package_identification:_identify(.) by extensions ['python_setup_py']
[1.055s] Level 1:colcon.colcon_core.package_identification:_identify(.) by extension 'python_setup_py'
[1.055s] Level 1:colcon.colcon_core.package_identification:_identify(build) by extensions ['ignore', 'ignore_ament_install']
[1.055s] Level 1:colcon.colcon_core.package_identification:_identify(build) by extension 'ignore'
[1.055s] Level 1:colcon.colcon_core.package_identification:_identify(build) ignored
[1.055s] Level 1:colcon.colcon_core.package_identification:_identify(install) by extensions ['ignore', 'ignore_ament_install']
[1.055s] Level 1:colcon.colcon_core.package_identification:_identify(install) by extension 'ignore'
[1.055s] Level 1:colcon.colcon_core.package_identification:_identify(install) ignored
[1.055s] Level 1:colcon.colcon_core.package_identification:_identify(log) by extensions ['ignore', 'ignore_ament_install']
[1.055s] Level 1:colcon.colcon_core.package_identification:_identify(log) by extension 'ignore'
[1.055s] Level 1:colcon.colcon_core.package_identification:_identify(log) ignored
[1.055s] Level 1:colcon.colcon_core.package_identification:_identify(src) by extensions ['ignore', 'ignore_ament_install']
[1.055s] Level 1:colcon.colcon_core.package_identification:_identify(src) by extension 'ignore'
[1.055s] Level 1:colcon.colcon_core.package_identification:_identify(src) by extension 'ignore_ament_install'
[1.056s] Level 1:colcon.colcon_core.package_identification:_identify(src) by extensions ['colcon_pkg']
[1.056s] Level 1:colcon.colcon_core.package_identification:_identify(src) by extension 'colcon_pkg'
[1.056s] Level 1:colcon.colcon_core.package_identification:_identify(src) by extensions ['colcon_meta']
[1.056s] Level 1:colcon.colcon_core.package_identification:_identify(src) by extension 'colcon_meta'
[1.056s] Level 1:colcon.colcon_core.package_identification:_identify(src) by extensions ['ros']
[1.056s] Level 1:colcon.colcon_core.package_identification:_identify(src) by extension 'ros'
[1.056s] Level 1:colcon.colcon_core.package_identification:_identify(src) by extensions ['cmake', 'python']
[1.056s] Level 1:colcon.colcon_core.package_identification:_identify(src) by extension 'cmake'
[1.056s] Level 1:colcon.colcon_core.package_identification:_identify(src) by extension 'python'
[1.056s] Level 1:colcon.colcon_core.package_identification:_identify(src) by extensions ['python_setup_py']
[1.056s] Level 1:colcon.colcon_core.package_identification:_identify(src) by extension 'python_setup_py'
[1.056s] Level 1:colcon.colcon_core.package_identification:_identify(src/PiGI Counter) by extensions ['ignore', 'ignore_ament_install']
[1.056s] Level 1:colcon.colcon_core.package_identification:_identify(src/PiGI Counter) by extension 'ignore'
[1.056s] Level 1:colcon.colcon_core.package_identification:_identify(src/PiGI Counter) by extension 'ignore_ament_install'
[1.056s] Level 1:colcon.colcon_core.package_identification:_identify(src/PiGI Counter) by extensions ['colcon_pkg']
[1.056s] Level 1:colcon.colcon_core.package_identification:_identify(src/PiGI Counter) by extension 'colcon_pkg'
[1.056s] Level 1:colcon.colcon_core.package_identification:_identify(src/PiGI Counter) by extensions ['colcon_meta']
[1.056s] Level 1:colcon.colcon_core.package_identification:_identify(src/PiGI Counter) by extension 'colcon_meta'
[1.056s] Level 1:colcon.colcon_core.package_identification:_identify(src/PiGI Counter) by extensions ['ros']
[1.056s] Level 1:colcon.colcon_core.package_identification:_identify(src/PiGI Counter) by extension 'ros'
[1.056s] Level 1:colcon.colcon_core.package_identification:_identify(src/PiGI Counter) by extensions ['cmake', 'python']
[1.056s] Level 1:colcon.colcon_core.package_identification:_identify(src/PiGI Counter) by extension 'cmake'
[1.056s] Level 1:colcon.colcon_core.package_identification:_identify(src/PiGI Counter) by extension 'python'
[1.056s] Level 1:colcon.colcon_core.package_identification:_identify(src/PiGI Counter) by extensions ['python_setup_py']
[1.056s] Level 1:colcon.colcon_core.package_identification:_identify(src/PiGI Counter) by extension 'python_setup_py'
[1.057s] Level 1:colcon.colcon_core.package_identification:_identify(src/bunker_mini) by extensions ['ignore', 'ignore_ament_install']
[1.057s] Level 1:colcon.colcon_core.package_identification:_identify(src/bunker_mini) by extension 'ignore'
[1.057s] Level 1:colcon.colcon_core.package_identification:_identify(src/bunker_mini) by extension 'ignore_ament_install'
[1.057s] Level 1:colcon.colcon_core.package_identification:_identify(src/bunker_mini) by extensions ['colcon_pkg']
[1.057s] Level 1:colcon.colcon_core.package_identification:_identify(src/bunker_mini) by extension 'colcon_pkg'
[1.057s] Level 1:colcon.colcon_core.package_identification:_identify(src/bunker_mini) by extensions ['colcon_meta']
[1.057s] Level 1:colcon.colcon_core.package_identification:_identify(src/bunker_mini) by extension 'colcon_meta'
[1.057s] Level 1:colcon.colcon_core.package_identification:_identify(src/bunker_mini) by extensions ['ros']
[1.057s] Level 1:colcon.colcon_core.package_identification:_identify(src/bunker_mini) by extension 'ros'
[1.059s] DEBUG:colcon.colcon_core.package_identification:Package 'src/bunker_mini' with type 'ros.ament_cmake' and name 'bunker_mini'
[1.059s] Level 1:colcon.colcon_core.package_identification:_identify(src/radiacode) by extensions ['ignore', 'ignore_ament_install']
[1.059s] Level 1:colcon.colcon_core.package_identification:_identify(src/radiacode) by extension 'ignore'
[1.059s] Level 1:colcon.colcon_core.package_identification:_identify(src/radiacode) by extension 'ignore_ament_install'
[1.059s] Level 1:colcon.colcon_core.package_identification:_identify(src/radiacode) by extensions ['colcon_pkg']
[1.059s] Level 1:colcon.colcon_core.package_identification:_identify(src/radiacode) by extension 'colcon_pkg'
[1.059s] Level 1:colcon.colcon_core.package_identification:_identify(src/radiacode) by extensions ['colcon_meta']
[1.059s] Level 1:colcon.colcon_core.package_identification:_identify(src/radiacode) by extension 'colcon_meta'
[1.059s] Level 1:colcon.colcon_core.package_identification:_identify(src/radiacode) by extensions ['ros']
[1.059s] Level 1:colcon.colcon_core.package_identification:_identify(src/radiacode) by extension 'ros'
[1.059s] DEBUG:colcon.colcon_core.package_identification:Package 'src/radiacode' with type 'ros.ament_cmake' and name 'radiacode'
[1.060s] Level 1:colcon.colcon_core.package_discovery:discover_packages(recursive) using defaults
[1.060s] Level 1:colcon.colcon_core.package_discovery:discover_packages(ignore) discover
[1.060s] Level 1:colcon.colcon_core.package_discovery:discover_packages(ignore) using defaults
[1.060s] Level 1:colcon.colcon_core.package_discovery:discover_packages(path) discover
[1.060s] Level 1:colcon.colcon_core.package_discovery:discover_packages(path) using defaults
[1.152s] Level 1:colcon.colcon_core.package_discovery:discover_packages(prefix_path) check parameters
[1.152s] Level 1:colcon.colcon_core.package_discovery:discover_packages(prefix_path) discover
[1.185s] DEBUG:colcon.colcon_installed_package_information.package_discovery:Found 431 installed packages in /opt/ros/humble
[1.187s] Level 1:colcon.colcon_core.package_discovery:discover_packages(prefix_path) using defaults
[1.298s] Level 5:colcon.colcon_core.verb:set package 'bunker_mini' build argument 'cmake_args' from command line to 'None'
[1.298s] Level 5:colcon.colcon_core.verb:set package 'bunker_mini' build argument 'cmake_target' from command line to 'None'
[1.298s] Level 5:colcon.colcon_core.verb:set package 'bunker_mini' build argument 'cmake_target_skip_unavailable' from command line to 'False'
[1.298s] Level 5:colcon.colcon_core.verb:set package 'bunker_mini' build argument 'cmake_clean_cache' from command line to 'False'
[1.298s] Level 5:colcon.colcon_core.verb:set package 'bunker_mini' build argument 'cmake_clean_first' from command line to 'False'
[1.298s] Level 5:colcon.colcon_core.verb:set package 'bunker_mini' build argument 'cmake_force_configure' from command line to 'False'
[1.298s] Level 5:colcon.colcon_core.verb:set package 'bunker_mini' build argument 'ament_cmake_args' from command line to 'None'
[1.298s] Level 5:colcon.colcon_core.verb:set package 'bunker_mini' build argument 'catkin_cmake_args' from command line to 'None'
[1.298s] Level 5:colcon.colcon_core.verb:set package 'bunker_mini' build argument 'catkin_skip_building_tests' from command line to 'False'
[1.298s] DEBUG:colcon.colcon_core.verb:Building package 'bunker_mini' with the following arguments: {'ament_cmake_args': None, 'build_base': '/home/b31pc18/appfre_ws/build/bunker_mini', 'catkin_cmake_args': None, 'catkin_skip_building_tests': False, 'cmake_args': None, 'cmake_clean_cache': False, 'cmake_clean_first': False, 'cmake_force_configure': False, 'cmake_target': None, 'cmake_target_skip_unavailable': False, 'install_base': '/home/b31pc18/appfre_ws/install/bunker_mini', 'merge_install': False, 'path': '/home/b31pc18/appfre_ws/src/bunker_mini', 'symlink_install': True, 'test_result_base': None}
[1.313s] Level 5:colcon.colcon_core.verb:set package 'radiacode' build argument 'cmake_args' from command line to 'None'
[1.313s] Level 5:colcon.colcon_core.verb:set package 'radiacode' build argument 'cmake_target' from command line to 'None'
[1.313s] Level 5:colcon.colcon_core.verb:set package 'radiacode' build argument 'cmake_target_skip_unavailable' from command line to 'False'
[1.313s] Level 5:colcon.colcon_core.verb:set package 'radiacode' build argument 'cmake_clean_cache' from command line to 'False'
[1.313s] Level 5:colcon.colcon_core.verb:set package 'radiacode' build argument 'cmake_clean_first' from command line to 'False'
[1.313s] Level 5:colcon.colcon_core.verb:set package 'radiacode' build argument 'cmake_force_configure' from command line to 'False'
[1.313s] Level 5:colcon.colcon_core.verb:set package 'radiacode' build argument 'ament_cmake_args' from command line to 'None'
[1.313s] Level 5:colcon.colcon_core.verb:set package 'radiacode' build argument 'catkin_cmake_args' from command line to 'None'
[1.313s] Level 5:colcon.colcon_core.verb:set package 'radiacode' build argument 'catkin_skip_building_tests' from command line to 'False'
[1.314s] DEBUG:colcon.colcon_core.verb:Building package 'radiacode' with the following arguments: {'ament_cmake_args': None, 'build_base': '/home/b31pc18/appfre_ws/build/radiacode', 'catkin_cmake_args': None, 'catkin_skip_building_tests': False, 'cmake_args': None, 'cmake_clean_cache': False, 'cmake_clean_first': False, 'cmake_force_configure': False, 'cmake_target': None, 'cmake_target_skip_unavailable': False, 'install_base': '/home/b31pc18/appfre_ws/install/radiacode', 'merge_install': False, 'path': '/home/b31pc18/appfre_ws/src/radiacode', 'symlink_install': True, 'test_result_base': None}
[1.329s] INFO:colcon.colcon_core.executor:Executing jobs using 'parallel' executor
[1.344s] DEBUG:colcon.colcon_parallel_executor.executor.parallel:run_until_complete
[1.344s] INFO:colcon.colcon_ros.task.ament_cmake.build:Building ROS package in '/home/b31pc18/appfre_ws/src/bunker_mini' with build type 'ament_cmake'
[1.345s] INFO:colcon.colcon_cmake.task.cmake.build:Building CMake package in '/home/b31pc18/appfre_ws/src/bunker_mini'
[1.362s] INFO:colcon.colcon_core.plugin_system:Skipping extension 'colcon_core.shell.bat': Not used on non-Windows systems
[1.362s] INFO:colcon.colcon_core.shell:Skip shell extension 'powershell' for command environment: Not usable outside of PowerShell
[1.362s] DEBUG:colcon.colcon_core.shell:Skip shell extension 'dsv' for command environment
[1.396s] INFO:colcon.colcon_ros.task.ament_cmake.build:Building ROS package in '/home/b31pc18/appfre_ws/src/radiacode' with build type 'ament_cmake'
[1.396s] INFO:colcon.colcon_cmake.task.cmake.build:Building CMake package in '/home/b31pc18/appfre_ws/src/radiacode'
[1.413s] INFO:colcon.colcon_core.shell:Skip shell extension 'powershell' for command environment: Not usable outside of PowerShell
[1.413s] DEBUG:colcon.colcon_core.shell:Skip shell extension 'dsv' for command environment
[1.452s] DEBUG:colcon.colcon_core.event_handler.log_command:Invoking command in '/home/b31pc18/appfre_ws/build/bunker_mini': CMAKE_PREFIX_PATH=/opt/ros/humble /usr/bin/cmake --build /home/b31pc18/appfre_ws/build/bunker_mini -- -j4 -l4
[1.453s] DEBUG:colcon.colcon_core.event_handler.log_command:Invoking command in '/home/b31pc18/appfre_ws/build/radiacode': CMAKE_PREFIX_PATH=/opt/ros/humble /usr/bin/cmake --build /home/b31pc18/appfre_ws/build/radiacode -- -j4 -l4
[1.484s] DEBUG:colcon.colcon_core.event_handler.log_command:Invoked command in '/home/b31pc18/appfre_ws/build/bunker_mini' returned '0': CMAKE_PREFIX_PATH=/opt/ros/humble /usr/bin/cmake --build /home/b31pc18/appfre_ws/build/bunker_mini -- -j4 -l4
[1.485s] DEBUG:colcon.colcon_core.event_handler.log_command:Invoked command in '/home/b31pc18/appfre_ws/build/radiacode' returned '0': CMAKE_PREFIX_PATH=/opt/ros/humble /usr/bin/cmake --build /home/b31pc18/appfre_ws/build/radiacode -- -j4 -l4
[1.511s] DEBUG:colcon.colcon_core.event_handler.log_command:Invoking command in '/home/b31pc18/appfre_ws/build/bunker_mini': CMAKE_PREFIX_PATH=/opt/ros/humble /usr/bin/cmake --install /home/b31pc18/appfre_ws/build/bunker_mini
[1.513s] DEBUG:colcon.colcon_core.event_handler.log_command:Invoking command in '/home/b31pc18/appfre_ws/build/radiacode': CMAKE_PREFIX_PATH=/opt/ros/humble /usr/bin/cmake --install /home/b31pc18/appfre_ws/build/radiacode
[1.531s] Level 1:colcon.colcon_core.environment:create_environment_scripts_only(radiacode)
[1.531s] DEBUG:colcon.colcon_core.event_handler.log_command:Invoked command in '/home/b31pc18/appfre_ws/build/radiacode' returned '0': CMAKE_PREFIX_PATH=/opt/ros/humble /usr/bin/cmake --install /home/b31pc18/appfre_ws/build/radiacode
[1.549s] Level 1:colcon.colcon_core.environment:checking '/home/b31pc18/appfre_ws/install/radiacode' for CMake module files
[1.549s] Level 1:colcon.colcon_core.environment:checking '/home/b31pc18/appfre_ws/install/radiacode' for CMake config files
[1.550s] Level 1:colcon.colcon_core.shell:create_environment_hook('radiacode', 'cmake_prefix_path')
[1.566s] INFO:colcon.colcon_core.shell:Creating environment hook '/home/b31pc18/appfre_ws/install/radiacode/share/radiacode/hook/cmake_prefix_path.ps1'
[1.567s] INFO:colcon.colcon_core.shell:Creating environment descriptor '/home/b31pc18/appfre_ws/install/radiacode/share/radiacode/hook/cmake_prefix_path.dsv'
[1.567s] INFO:colcon.colcon_core.shell:Creating environment hook '/home/b31pc18/appfre_ws/install/radiacode/share/radiacode/hook/cmake_prefix_path.sh'
[1.568s] Level 1:colcon.colcon_core.environment:checking '/home/b31pc18/appfre_ws/install/radiacode/bin'
[1.568s] Level 1:colcon.colcon_core.environment:checking '/home/b31pc18/appfre_ws/install/radiacode/lib/pkgconfig/radiacode.pc'
[1.568s] Level 1:colcon.colcon_core.environment:checking '/home/b31pc18/appfre_ws/install/radiacode/lib/python3.10/site-packages'
[1.568s] Level 1:colcon.colcon_core.environment:checking '/home/b31pc18/appfre_ws/install/radiacode/bin'
[1.585s] INFO:colcon.colcon_core.shell:Creating package script '/home/b31pc18/appfre_ws/install/radiacode/share/radiacode/package.ps1'
[1.586s] INFO:colcon.colcon_core.shell:Creating package descriptor '/home/b31pc18/appfre_ws/install/radiacode/share/radiacode/package.dsv'
[1.586s] INFO:colcon.colcon_core.shell:Creating package script '/home/b31pc18/appfre_ws/install/radiacode/share/radiacode/package.sh'
[1.587s] INFO:colcon.colcon_core.shell:Creating package script '/home/b31pc18/appfre_ws/install/radiacode/share/radiacode/package.bash'
[1.587s] INFO:colcon.colcon_core.shell:Creating package script '/home/b31pc18/appfre_ws/install/radiacode/share/radiacode/package.zsh'
[1.588s] Level 1:colcon.colcon_core.environment:create_file_with_runtime_dependencies(/home/b31pc18/appfre_ws/install/radiacode/share/colcon-core/packages/radiacode)
[1.589s] Level 1:colcon.colcon_core.environment:create_environment_scripts_only(bunker_mini)
[1.590s] DEBUG:colcon.colcon_core.event_handler.log_command:Invoked command in '/home/b31pc18/appfre_ws/build/bunker_mini' returned '0': CMAKE_PREFIX_PATH=/opt/ros/humble /usr/bin/cmake --install /home/b31pc18/appfre_ws/build/bunker_mini
[1.607s] Level 1:colcon.colcon_core.environment:checking '/home/b31pc18/appfre_ws/install/bunker_mini' for CMake module files
[1.607s] Level 1:colcon.colcon_core.environment:checking '/home/b31pc18/appfre_ws/install/bunker_mini' for CMake config files
[1.607s] Level 1:colcon.colcon_core.shell:create_environment_hook('bunker_mini', 'cmake_prefix_path')
[1.624s] INFO:colcon.colcon_core.shell:Creating environment hook '/home/b31pc18/appfre_ws/install/bunker_mini/share/bunker_mini/hook/cmake_prefix_path.ps1'
[1.624s] INFO:colcon.colcon_core.shell:Creating environment descriptor '/home/b31pc18/appfre_ws/install/bunker_mini/share/bunker_mini/hook/cmake_prefix_path.dsv'
[1.625s] INFO:colcon.colcon_core.shell:Creating environment hook '/home/b31pc18/appfre_ws/install/bunker_mini/share/bunker_mini/hook/cmake_prefix_path.sh'
[1.625s] Level 1:colcon.colcon_core.environment:checking '/home/b31pc18/appfre_ws/install/bunker_mini/bin'
[1.625s] Level 1:colcon.colcon_core.environment:checking '/home/b31pc18/appfre_ws/install/bunker_mini/lib/pkgconfig/bunker_mini.pc'
[1.625s] Level 1:colcon.colcon_core.environment:checking '/home/b31pc18/appfre_ws/install/bunker_mini/lib/python3.10/site-packages'
[1.625s] Level 1:colcon.colcon_core.environment:checking '/home/b31pc18/appfre_ws/install/bunker_mini/bin'
[1.642s] INFO:colcon.colcon_core.shell:Creating package script '/home/b31pc18/appfre_ws/install/bunker_mini/share/bunker_mini/package.ps1'
[1.642s] INFO:colcon.colcon_core.shell:Creating package descriptor '/home/b31pc18/appfre_ws/install/bunker_mini/share/bunker_mini/package.dsv'
[1.643s] INFO:colcon.colcon_core.shell:Creating package script '/home/b31pc18/appfre_ws/install/bunker_mini/share/bunker_mini/package.sh'
[1.643s] INFO:colcon.colcon_core.shell:Creating package script '/home/b31pc18/appfre_ws/install/bunker_mini/share/bunker_mini/package.bash'
[1.643s] INFO:colcon.colcon_core.shell:Creating package script '/home/b31pc18/appfre_ws/install/bunker_mini/share/bunker_mini/package.zsh'
[1.644s] Level 1:colcon.colcon_core.environment:create_file_with_runtime_dependencies(/home/b31pc18/appfre_ws/install/bunker_mini/share/colcon-core/packages/bunker_mini)
[1.661s] Level 1:colcon.colcon_core.environment:create_environment_scripts_only(radiacode)
[1.678s] Level 1:colcon.colcon_core.environment:checking '/home/b31pc18/appfre_ws/install/radiacode' for CMake module files
[1.678s] Level 1:colcon.colcon_core.environment:checking '/home/b31pc18/appfre_ws/install/radiacode' for CMake config files
[1.679s] Level 1:colcon.colcon_core.shell:create_environment_hook('radiacode', 'cmake_prefix_path')
[1.696s] INFO:colcon.colcon_core.shell:Creating environment hook '/home/b31pc18/appfre_ws/install/radiacode/share/radiacode/hook/cmake_prefix_path.ps1'
[1.696s] INFO:colcon.colcon_core.shell:Creating environment descriptor '/home/b31pc18/appfre_ws/install/radiacode/share/radiacode/hook/cmake_prefix_path.dsv'
[1.696s] INFO:colcon.colcon_core.shell:Creating environment hook '/home/b31pc18/appfre_ws/install/radiacode/share/radiacode/hook/cmake_prefix_path.sh'
[1.697s] Level 1:colcon.colcon_core.environment:checking '/home/b31pc18/appfre_ws/install/radiacode/bin'
[1.697s] Level 1:colcon.colcon_core.environment:checking '/home/b31pc18/appfre_ws/install/radiacode/lib/pkgconfig/radiacode.pc'
[1.697s] Level 1:colcon.colcon_core.environment:checking '/home/b31pc18/appfre_ws/install/radiacode/lib/python3.10/site-packages'
[1.697s] Level 1:colcon.colcon_core.environment:checking '/home/b31pc18/appfre_ws/install/radiacode/bin'
[1.715s] INFO:colcon.colcon_core.shell:Creating package script '/home/b31pc18/appfre_ws/install/radiacode/share/radiacode/package.ps1'
[1.715s] INFO:colcon.colcon_core.shell:Creating package descriptor '/home/b31pc18/appfre_ws/install/radiacode/share/radiacode/package.dsv'
[1.716s] INFO:colcon.colcon_core.shell:Creating package script '/home/b31pc18/appfre_ws/install/radiacode/share/radiacode/package.sh'
[1.716s] INFO:colcon.colcon_core.shell:Creating package script '/home/b31pc18/appfre_ws/install/radiacode/share/radiacode/package.bash'
[1.716s] INFO:colcon.colcon_core.shell:Creating package script '/home/b31pc18/appfre_ws/install/radiacode/share/radiacode/package.zsh'
[1.717s] Level 1:colcon.colcon_core.environment:create_file_with_runtime_dependencies(/home/b31pc18/appfre_ws/install/radiacode/share/colcon-core/packages/radiacode)
[1.734s] Level 1:colcon.colcon_core.environment:create_environment_scripts_only(bunker_mini)
[1.751s] Level 1:colcon.colcon_core.environment:checking '/home/b31pc18/appfre_ws/install/bunker_mini' for CMake module files
[1.751s] Level 1:colcon.colcon_core.environment:checking '/home/b31pc18/appfre_ws/install/bunker_mini' for CMake config files
[1.752s] Level 1:colcon.colcon_core.shell:create_environment_hook('bunker_mini', 'cmake_prefix_path')
[1.768s] INFO:colcon.colcon_core.shell:Creating environment hook '/home/b31pc18/appfre_ws/install/bunker_mini/share/bunker_mini/hook/cmake_prefix_path.ps1'
[1.768s] INFO:colcon.colcon_core.shell:Creating environment descriptor '/home/b31pc18/appfre_ws/install/bunker_mini/share/bunker_mini/hook/cmake_prefix_path.dsv'
[1.768s] INFO:colcon.colcon_core.shell:Creating environment hook '/home/b31pc18/appfre_ws/install/bunker_mini/share/bunker_mini/hook/cmake_prefix_path.sh'
[1.769s] Level 1:colcon.colcon_core.environment:checking '/home/b31pc18/appfre_ws/install/bunker_mini/bin'
[1.769s] Level 1:colcon.colcon_core.environment:checking '/home/b31pc18/appfre_ws/install/bunker_mini/lib/pkgconfig/bunker_mini.pc'
[1.769s] Level 1:colcon.colcon_core.environment:checking '/home/b31pc18/appfre_ws/install/bunker_mini/lib/python3.10/site-packages'
[1.769s] Level 1:colcon.colcon_core.environment:checking '/home/b31pc18/appfre_ws/install/bunker_mini/bin'
[1.786s] INFO:colcon.colcon_core.shell:Creating package script '/home/b31pc18/appfre_ws/install/bunker_mini/share/bunker_mini/package.ps1'
[1.787s] INFO:colcon.colcon_core.shell:Creating package descriptor '/home/b31pc18/appfre_ws/install/bunker_mini/share/bunker_mini/package.dsv'
[1.787s] INFO:colcon.colcon_core.shell:Creating package script '/home/b31pc18/appfre_ws/install/bunker_mini/share/bunker_mini/package.sh'
[1.787s] INFO:colcon.colcon_core.shell:Creating package script '/home/b31pc18/appfre_ws/install/bunker_mini/share/bunker_mini/package.bash'
[1.787s] INFO:colcon.colcon_core.shell:Creating package script '/home/b31pc18/appfre_ws/install/bunker_mini/share/bunker_mini/package.zsh'
[1.788s] Level 1:colcon.colcon_core.environment:create_file_with_runtime_dependencies(/home/b31pc18/appfre_ws/install/bunker_mini/share/colcon-core/packages/bunker_mini)
[1.788s] DEBUG:colcon.colcon_parallel_executor.executor.parallel:closing loop
[1.788s] DEBUG:colcon.colcon_parallel_executor.executor.parallel:loop closed
[1.788s] DEBUG:colcon.colcon_parallel_executor.executor.parallel:run_until_complete finished with '0'
[1.789s] DEBUG:colcon.colcon_core.event_reactor:joining thread
[1.809s] INFO:colcon.colcon_core.plugin_system:Skipping extension 'colcon_notification.desktop_notification.terminal_notifier': Not used on non-Darwin systems
[1.809s] INFO:colcon.colcon_core.plugin_system:Skipping extension 'colcon_notification.desktop_notification.win32': Not used on non-Windows systems
[1.809s] INFO:colcon.colcon_notification.desktop_notification:Sending desktop notification using 'notify2'
[1.820s] DEBUG:colcon.colcon_core.event_reactor:joined thread
[1.837s] INFO:colcon.colcon_core.shell:Creating prefix script '/home/b31pc18/appfre_ws/install/local_setup.ps1'
[1.837s] INFO:colcon.colcon_core.shell:Creating prefix util module '/home/b31pc18/appfre_ws/install/_local_setup_util_ps1.py'
[1.839s] INFO:colcon.colcon_core.shell:Creating prefix chain script '/home/b31pc18/appfre_ws/install/setup.ps1'
[1.855s] INFO:colcon.colcon_core.shell:Creating prefix script '/home/b31pc18/appfre_ws/install/local_setup.sh'
[1.856s] INFO:colcon.colcon_core.shell:Creating prefix util module '/home/b31pc18/appfre_ws/install/_local_setup_util_sh.py'
[1.856s] INFO:colcon.colcon_core.shell:Creating prefix chain script '/home/b31pc18/appfre_ws/install/setup.sh'
[1.873s] INFO:colcon.colcon_core.shell:Creating prefix script '/home/b31pc18/appfre_ws/install/local_setup.bash'
[1.873s] INFO:colcon.colcon_core.shell:Creating prefix chain script '/home/b31pc18/appfre_ws/install/setup.bash'
[1.890s] INFO:colcon.colcon_core.shell:Creating prefix script '/home/b31pc18/appfre_ws/install/local_setup.zsh'
[1.891s] INFO:colcon.colcon_core.shell:Creating prefix chain script '/home/b31pc18/appfre_ws/install/setup.zsh'
