[0.065s] Invoking command in '/home/b31pc18/appfre_ws/build/bunker_mini': CMAKE_PREFIX_PATH=${CMAKE_PREFIX_PATH}:/opt/ros/humble /usr/bin/cmake /home/b31pc18/appfre_ws/src/bunker_mini -DAMENT_CMAKE_SYMLINK_INSTALL=1 -DCMAKE_INSTALL_PREFIX=/home/b31pc18/appfre_ws/install/bunker_mini
[0.164s] -- The C compiler identification is GNU 11.4.0
[0.219s] -- The CXX compiler identification is GNU 11.4.0
[0.226s] -- Detecting C compiler ABI info
[0.287s] -- Detecting C compiler ABI info - done
[0.294s] -- Check for working C compiler: /usr/bin/cc - skipped
[0.294s] -- Detecting C compile features
[0.294s] -- Detecting C compile features - done
[0.297s] -- Detecting CXX compiler ABI info
[0.367s] -- Detecting CXX compiler ABI info - done
[0.374s] -- Check for working CXX compiler: /usr/bin/c++ - skipped
[0.374s] -- Detecting CXX compile features
[0.375s] -- Detecting CXX compile features - done
[0.377s] -- Found ament_cmake: 1.3.6 (/opt/ros/humble/share/ament_cmake/cmake)
[0.519s] -- Found Python3: /usr/bin/python3.10 (found version "3.10.12") found components: Interpreter 
[0.570s] -- Override CMake install command with custom implementation using symlinks instead of copying resources
[0.595s] -- Found ament_lint_auto: 0.12.9 (/opt/ros/humble/share/ament_lint_auto/cmake)
[0.665s] -- Added test 'copyright' to check source files copyright and LICENSE
[0.669s] -- Added test 'flake8' to check Python code syntax and style conventions
[0.669s] -- Added test 'lint_cmake' to check CMake code style
[0.670s] -- Added test 'pep257' to check Python code against some of the docstring style conventions in PEP 257
[0.672s] -- Added test 'xmllint' to check XML markup files
[0.673s] -- Configuring done
[0.675s] -- Generating done
[0.676s] -- Build files have been written to: /home/b31pc18/appfre_ws/build/bunker_mini
[0.679s] Invoked command in '/home/b31pc18/appfre_ws/build/bunker_mini' returned '0': CMAKE_PREFIX_PATH=${CMAKE_PREFIX_PATH}:/opt/ros/humble /usr/bin/cmake /home/b31pc18/appfre_ws/src/bunker_mini -DAMENT_CMAKE_SYMLINK_INSTALL=1 -DCMAKE_INSTALL_PREFIX=/home/b31pc18/appfre_ws/install/bunker_mini
[0.681s] Invoking command in '/home/b31pc18/appfre_ws/build/bunker_mini': CMAKE_PREFIX_PATH=${CMAKE_PREFIX_PATH}:/opt/ros/humble /usr/bin/cmake --build /home/b31pc18/appfre_ws/build/bunker_mini -- -j4 -l4
[0.700s] -- Found ament_cmake: 1.3.6 (/opt/ros/humble/share/ament_cmake/cmake)
[0.814s] -- Override CMake install command with custom implementation using symlinks instead of copying resources
[0.820s] -- Found ament_lint_auto: 0.12.9 (/opt/ros/humble/share/ament_lint_auto/cmake)
[0.878s] -- Added test 'copyright' to check source files copyright and LICENSE
[0.882s] -- Added test 'flake8' to check Python code syntax and style conventions
[0.882s] -- Added test 'lint_cmake' to check CMake code style
[0.883s] -- Added test 'pep257' to check Python code against some of the docstring style conventions in PEP 257
[0.885s] -- Added test 'xmllint' to check XML markup files
[0.885s] -- Configuring done
[0.887s] -- Generating done
[0.888s] -- Build files have been written to: /home/b31pc18/appfre_ws/build/bunker_mini
[0.906s] Invoked command in '/home/b31pc18/appfre_ws/build/bunker_mini' returned '0': CMAKE_PREFIX_PATH=${CMAKE_PREFIX_PATH}:/opt/ros/humble /usr/bin/cmake --build /home/b31pc18/appfre_ws/build/bunker_mini -- -j4 -l4
[0.933s] Invoking command in '/home/b31pc18/appfre_ws/build/bunker_mini': CMAKE_PREFIX_PATH=${CMAKE_PREFIX_PATH}:/opt/ros/humble /usr/bin/cmake --install /home/b31pc18/appfre_ws/build/bunker_mini
[0.940s] -- Install configuration: ""
[0.940s] -- Execute custom install script
[0.940s] -- Symlinking: /home/b31pc18/appfre_ws/install/bunker_mini/share/bunker_mini/config/drive_bot.rviz
[0.948s] -- Symlinking: /home/b31pc18/appfre_ws/install/bunker_mini/share/bunker_mini/config/empty.yaml
[0.955s] -- Symlinking: /home/b31pc18/appfre_ws/install/bunker_mini/share/bunker_mini/config/mapper_params_online_async.yaml
[0.963s] -- Symlinking: /home/b31pc18/appfre_ws/install/bunker_mini/share/bunker_mini/config/nav2_config.rviz
[0.971s] -- Symlinking: /home/b31pc18/appfre_ws/install/bunker_mini/share/bunker_mini/config/nav2_params.yaml
[0.978s] -- Symlinking: /home/b31pc18/appfre_ws/install/bunker_mini/share/bunker_mini/config/rviz_slam_config.rviz
[0.986s] -- Symlinking: /home/b31pc18/appfre_ws/install/bunker_mini/share/bunker_mini/config/view_robot.rviz
[0.994s] -- Symlinking: /home/b31pc18/appfre_ws/install/bunker_mini/share/bunker_mini/description/bunker_mini.stl
[1.002s] -- Symlinking: /home/b31pc18/appfre_ws/install/bunker_mini/share/bunker_mini/description/gazebo_control.xacro
[1.009s] -- Symlinking: /home/b31pc18/appfre_ws/install/bunker_mini/share/bunker_mini/description/inertial_macros.xacro
[1.017s] -- Symlinking: /home/b31pc18/appfre_ws/install/bunker_mini/share/bunker_mini/description/lidar.xacro
[1.025s] -- Symlinking: /home/b31pc18/appfre_ws/install/bunker_mini/share/bunker_mini/description/materials.xacro
[1.033s] -- Symlinking: /home/b31pc18/appfre_ws/install/bunker_mini/share/bunker_mini/description/robot.urdf.xacro
[1.041s] -- Symlinking: /home/b31pc18/appfre_ws/install/bunker_mini/share/bunker_mini/description/robot_core.xacro
[1.049s] -- Symlinking: /home/b31pc18/appfre_ws/install/bunker_mini/share/bunker_mini/launch/example_tb3_launch_file.launch.py
[1.056s] -- Symlinking: /home/b31pc18/appfre_ws/install/bunker_mini/share/bunker_mini/launch/launch_nav2.launch.py
[1.064s] -- Symlinking: /home/b31pc18/appfre_ws/install/bunker_mini/share/bunker_mini/launch/launch_sim.launch.py
[1.072s] -- Symlinking: /home/b31pc18/appfre_ws/install/bunker_mini/share/bunker_mini/launch/launch_slam.launch.py
[1.079s] -- Symlinking: /home/b31pc18/appfre_ws/install/bunker_mini/share/bunker_mini/launch/rsp.launch.py
[1.087s] -- Symlinking: /home/b31pc18/appfre_ws/install/bunker_mini/share/bunker_mini/launch/scratch_launch_file.launch.py
[1.094s] -- Symlinking: /home/b31pc18/appfre_ws/install/bunker_mini/share/bunker_mini/worlds/empty.world
[1.102s] -- Symlinking: /home/b31pc18/appfre_ws/install/bunker_mini/share/bunker_mini/worlds/obstacles.world
[1.109s] -- Symlinking: /home/b31pc18/appfre_ws/install/bunker_mini/share/bunker_mini/worlds/room_with_obstacles.world
[1.117s] -- Symlinking: /home/b31pc18/appfre_ws/install/bunker_mini/share/bunker_mini/worlds/small_gap.world
[1.125s] -- Symlinking: /home/b31pc18/appfre_ws/install/bunker_mini/share/ament_index/resource_index/package_run_dependencies/bunker_mini
[1.133s] -- Symlinking: /home/b31pc18/appfre_ws/install/bunker_mini/share/ament_index/resource_index/parent_prefix_path/bunker_mini
[1.141s] -- Symlinking: /home/b31pc18/appfre_ws/install/bunker_mini/share/bunker_mini/environment/ament_prefix_path.sh
[1.149s] -- Symlinking: /home/b31pc18/appfre_ws/install/bunker_mini/share/bunker_mini/environment/ament_prefix_path.dsv
[1.156s] -- Symlinking: /home/b31pc18/appfre_ws/install/bunker_mini/share/bunker_mini/environment/path.sh
[1.164s] -- Symlinking: /home/b31pc18/appfre_ws/install/bunker_mini/share/bunker_mini/environment/path.dsv
[1.171s] -- Symlinking: /home/b31pc18/appfre_ws/install/bunker_mini/share/bunker_mini/local_setup.bash
[1.179s] -- Symlinking: /home/b31pc18/appfre_ws/install/bunker_mini/share/bunker_mini/local_setup.sh
[1.186s] -- Symlinking: /home/b31pc18/appfre_ws/install/bunker_mini/share/bunker_mini/local_setup.zsh
[1.194s] -- Symlinking: /home/b31pc18/appfre_ws/install/bunker_mini/share/bunker_mini/local_setup.dsv
[1.201s] -- Symlinking: /home/b31pc18/appfre_ws/install/bunker_mini/share/bunker_mini/package.dsv
[1.209s] -- Symlinking: /home/b31pc18/appfre_ws/install/bunker_mini/share/ament_index/resource_index/packages/bunker_mini
[1.217s] -- Symlinking: /home/b31pc18/appfre_ws/install/bunker_mini/share/bunker_mini/cmake/bunker_miniConfig.cmake
[1.224s] -- Symlinking: /home/b31pc18/appfre_ws/install/bunker_mini/share/bunker_mini/cmake/bunker_miniConfig-version.cmake
[1.232s] -- Symlinking: /home/b31pc18/appfre_ws/install/bunker_mini/share/bunker_mini/package.xml
[1.242s] Invoked command in '/home/b31pc18/appfre_ws/build/bunker_mini' returned '0': CMAKE_PREFIX_PATH=${CMAKE_PREFIX_PATH}:/opt/ros/humble /usr/bin/cmake --install /home/b31pc18/appfre_ws/build/bunker_mini
